{"/home/travis/build/npmtest/node-npmtest-asyncawait/test.js":{"path":"/home/travis/build/npmtest/node-npmtest-asyncawait/test.js","s":{"1":2,"2":2,"3":2,"4":2,"5":2,"6":2,"7":2,"8":1,"9":2,"10":2,"11":1,"12":1,"13":1,"14":1,"15":2,"16":2,"17":2,"18":2,"19":1,"20":1,"21":2,"22":2,"23":2,"24":1,"25":1,"26":1,"27":1,"28":1,"29":1,"30":1,"31":1,"32":1,"33":1,"34":1,"35":1,"36":1,"37":1,"38":1,"39":2,"40":2,"41":1,"42":2,"43":2,"44":1,"45":2,"46":2,"47":1,"48":2,"49":2,"50":1,"51":1,"52":1,"53":1,"54":1},"b":{"1":[2,1,1,1],"2":[1,1,1,1],"3":[1,1],"4":[1,1],"5":[1,1],"6":[1,1],"7":[1,1],"8":[1,1],"9":[1,1],"10":[1,1,1],"11":[1,1],"12":[1,1],"13":[1,1],"14":[1,1],"15":[1,1],"16":[1,1],"17":[1,1]},"f":{"1":2,"2":2,"3":2,"4":2,"5":2,"6":1,"7":1,"8":1,"9":2,"10":2,"11":2,"12":2,"13":1},"fnMap":{"1":{"name":"(anonymous_1)","line":12,"loc":{"start":{"line":12,"column":1},"end":{"line":12,"column":13}}},"2":{"name":"(anonymous_2)","line":19,"loc":{"start":{"line":19,"column":5},"end":{"line":19,"column":17}}},"3":{"name":"(anonymous_3)","line":23,"loc":{"start":{"line":23,"column":24},"end":{"line":23,"column":36}}},"4":{"name":"(anonymous_4)","line":61,"loc":{"start":{"line":61,"column":5},"end":{"line":61,"column":17}}},"5":{"name":"(anonymous_5)","line":82,"loc":{"start":{"line":82,"column":5},"end":{"line":82,"column":17}}},"6":{"name":"(anonymous_6)","line":91,"loc":{"start":{"line":91,"column":77},"end":{"line":94,"column":10}}},"7":{"name":"(anonymous_7)","line":112,"loc":{"start":{"line":112,"column":83},"end":{"line":115,"column":10}},"skip":true},"8":{"name":"(anonymous_8)","line":123,"loc":{"start":{"line":123,"column":77},"end":{"line":126,"column":10}},"skip":true},"9":{"name":"(anonymous_9)","line":139,"loc":{"start":{"line":139,"column":12},"end":{"line":139,"column":40}},"skip":true},"10":{"name":"(anonymous_10)","line":147,"loc":{"start":{"line":147,"column":77},"end":{"line":150,"column":10}},"skip":true},"11":{"name":"(anonymous_11)","line":158,"loc":{"start":{"line":158,"column":83},"end":{"line":161,"column":10}},"skip":true},"12":{"name":"(anonymous_12)","line":169,"loc":{"start":{"line":169,"column":79},"end":{"line":172,"column":10}},"skip":true},"13":{"name":"(anonymous_13)","line":180,"loc":{"start":{"line":180,"column":75},"end":{"line":183,"column":10}},"skip":true}},"statementMap":{"1":{"start":{"line":12,"column":0},"end":{"line":195,"column":5}},"2":{"start":{"line":14,"column":4},"end":{"line":14,"column":14}},"3":{"start":{"line":19,"column":4},"end":{"line":56,"column":9}},"4":{"start":{"line":21,"column":8},"end":{"line":21,"column":19}},"5":{"start":{"line":23,"column":8},"end":{"line":35,"column":13}},"6":{"start":{"line":24,"column":12},"end":{"line":34,"column":13}},"7":{"start":{"line":25,"column":16},"end":{"line":28,"column":30}},"8":{"start":{"line":30,"column":16},"end":{"line":33,"column":27}},"9":{"start":{"line":37,"column":8},"end":{"line":39,"column":21}},"10":{"start":{"line":40,"column":8},"end":{"line":53,"column":9}},"11":{"start":{"line":43,"column":12},"end":{"line":46,"column":14}},"12":{"start":{"line":47,"column":12},"end":{"line":47,"column":18}},"13":{"start":{"line":50,"column":12},"end":{"line":51,"column":33}},"14":{"start":{"line":52,"column":12},"end":{"line":52,"column":18}},"15":{"start":{"line":55,"column":8},"end":{"line":55,"column":35}},"16":{"start":{"line":61,"column":4},"end":{"line":63,"column":9}},"17":{"start":{"line":62,"column":8},"end":{"line":62,"column":15}},"18":{"start":{"line":64,"column":4},"end":{"line":77,"column":5}},"19":{"start":{"line":70,"column":8},"end":{"line":70,"column":14}},"20":{"start":{"line":76,"column":8},"end":{"line":76,"column":14}},"21":{"start":{"line":82,"column":4},"end":{"line":84,"column":9}},"22":{"start":{"line":83,"column":8},"end":{"line":83,"column":15}},"23":{"start":{"line":85,"column":4},"end":{"line":194,"column":5}},"24":{"start":{"line":91,"column":8},"end":{"line":99,"column":10}},"25":{"start":{"line":98,"column":12},"end":{"line":98,"column":35}},"26":{"start":{"line":102,"column":8},"end":{"line":104,"column":63}},"27":{"start":{"line":105,"column":8},"end":{"line":105,"column":14}},"28":{"start":{"line":112,"column":8},"end":{"line":121,"column":10},"skip":true},"29":{"start":{"line":119,"column":12},"end":{"line":119,"column":55},"skip":true},"30":{"start":{"line":120,"column":12},"end":{"line":120,"column":48},"skip":true},"31":{"start":{"line":123,"column":8},"end":{"line":136,"column":10},"skip":true},"32":{"start":{"line":130,"column":12},"end":{"line":130,"column":76},"skip":true},"33":{"start":{"line":131,"column":12},"end":{"line":131,"column":73},"skip":true},"34":{"start":{"line":132,"column":12},"end":{"line":132,"column":74},"skip":true},"35":{"start":{"line":133,"column":12},"end":{"line":133,"column":79},"skip":true},"36":{"start":{"line":134,"column":12},"end":{"line":134,"column":25},"skip":true},"37":{"start":{"line":135,"column":12},"end":{"line":135,"column":45},"skip":true},"38":{"start":{"line":138,"column":8},"end":{"line":145,"column":14},"skip":true},"39":{"start":{"line":143,"column":16},"end":{"line":143,"column":29},"skip":true},"40":{"start":{"line":144,"column":16},"end":{"line":144,"column":55},"skip":true},"41":{"start":{"line":147,"column":8},"end":{"line":156,"column":10},"skip":true},"42":{"start":{"line":154,"column":12},"end":{"line":154,"column":25},"skip":true},"43":{"start":{"line":155,"column":12},"end":{"line":155,"column":45},"skip":true},"44":{"start":{"line":158,"column":8},"end":{"line":167,"column":10},"skip":true},"45":{"start":{"line":165,"column":12},"end":{"line":165,"column":25},"skip":true},"46":{"start":{"line":166,"column":12},"end":{"line":166,"column":48},"skip":true},"47":{"start":{"line":169,"column":8},"end":{"line":178,"column":10},"skip":true},"48":{"start":{"line":176,"column":12},"end":{"line":176,"column":25},"skip":true},"49":{"start":{"line":177,"column":12},"end":{"line":177,"column":46},"skip":true},"50":{"start":{"line":180,"column":8},"end":{"line":189,"column":10},"skip":true},"51":{"start":{"line":187,"column":12},"end":{"line":187,"column":94},"skip":true},"52":{"start":{"line":188,"column":12},"end":{"line":188,"column":48},"skip":true},"53":{"start":{"line":192,"column":8},"end":{"line":192,"column":35},"skip":true},"54":{"start":{"line":193,"column":8},"end":{"line":193,"column":14},"skip":true}},"branchMap":{"1":{"line":25,"type":"binary-expr","locations":[{"start":{"line":25,"column":23},"end":{"line":25,"column":62}},{"start":{"line":26,"column":20},"end":{"line":26,"column":70}},{"start":{"line":27,"column":20},"end":{"line":27,"column":71}},{"start":{"line":28,"column":20},"end":{"line":28,"column":29}}]},"2":{"line":30,"type":"binary-expr","locations":[{"start":{"line":30,"column":23},"end":{"line":30,"column":37}},{"start":{"line":31,"column":20},"end":{"line":31,"column":61}},{"start":{"line":32,"column":20},"end":{"line":32,"column":70}},{"start":{"line":33,"column":20},"end":{"line":33,"column":26}}]},"3":{"line":37,"type":"cond-expr","locations":[{"start":{"line":38,"column":14},"end":{"line":38,"column":20}},{"start":{"line":39,"column":14},"end":{"line":39,"column":20}}]},"4":{"line":40,"type":"switch","locations":[{"start":{"line":42,"column":8},"end":{"line":47,"column":18}},{"start":{"line":49,"column":8},"end":{"line":52,"column":18}}]},"5":{"line":44,"type":"binary-expr","locations":[{"start":{"line":44,"column":16},"end":{"line":44,"column":44}},{"start":{"line":44,"column":48},"end":{"line":44,"column":66}}]},"6":{"line":50,"type":"binary-expr","locations":[{"start":{"line":50,"column":21},"end":{"line":50,"column":49}},{"start":{"line":50,"column":53},"end":{"line":50,"column":72}}]},"7":{"line":64,"type":"switch","locations":[{"start":{"line":69,"column":4},"end":{"line":70,"column":14}},{"start":{"line":75,"column":4},"end":{"line":76,"column":14}}]},"8":{"line":85,"type":"switch","locations":[{"start":{"line":90,"column":4},"end":{"line":105,"column":14}},{"start":{"line":111,"column":4},"end":{"line":193,"column":14},"skip":true}]},"9":{"line":91,"type":"binary-expr","locations":[{"start":{"line":91,"column":42},"end":{"line":91,"column":73}},{"start":{"line":91,"column":77},"end":{"line":99,"column":9}}]},"10":{"line":102,"type":"binary-expr","locations":[{"start":{"line":102,"column":18},"end":{"line":102,"column":32}},{"start":{"line":103,"column":12},"end":{"line":103,"column":53}},{"start":{"line":104,"column":12},"end":{"line":104,"column":61}}]},"11":{"line":112,"type":"binary-expr","locations":[{"start":{"line":112,"column":45},"end":{"line":112,"column":79},"skip":true},{"start":{"line":112,"column":83},"end":{"line":121,"column":9},"skip":true}]},"12":{"line":123,"type":"binary-expr","locations":[{"start":{"line":123,"column":42},"end":{"line":123,"column":73},"skip":true},{"start":{"line":123,"column":77},"end":{"line":136,"column":9},"skip":true}]},"13":{"line":138,"type":"binary-expr","locations":[{"start":{"line":138,"column":48},"end":{"line":138,"column":85},"skip":true},{"start":{"line":139,"column":12},"end":{"line":145,"column":13},"skip":true}]},"14":{"line":147,"type":"binary-expr","locations":[{"start":{"line":147,"column":42},"end":{"line":147,"column":73},"skip":true},{"start":{"line":147,"column":77},"end":{"line":156,"column":9},"skip":true}]},"15":{"line":158,"type":"binary-expr","locations":[{"start":{"line":158,"column":45},"end":{"line":158,"column":79},"skip":true},{"start":{"line":158,"column":83},"end":{"line":167,"column":9},"skip":true}]},"16":{"line":169,"type":"binary-expr","locations":[{"start":{"line":169,"column":43},"end":{"line":169,"column":75},"skip":true},{"start":{"line":169,"column":79},"end":{"line":178,"column":9},"skip":true}]},"17":{"line":180,"type":"binary-expr","locations":[{"start":{"line":180,"column":41},"end":{"line":180,"column":71},"skip":true},{"start":{"line":180,"column":75},"end":{"line":189,"column":9},"skip":true}]}},"code":["/* istanbul instrument in package npmtest_asyncawait */","/*jslint","    bitwise: true,","    browser: true,","    maxerr: 8,","    maxlen: 96,","    node: true,","    nomen: true,","    regexp: true,","    stupid: true","*/","(function () {","    'use strict';","    var local;","","","","    // run shared js-env code - init-before","    (function () {","        // init local","        local = {};","        // init modeJs","        local.modeJs = (function () {","            try {","                return typeof navigator.userAgent === 'string' &&","                    typeof document.querySelector('body') === 'object' &&","                    typeof XMLHttpRequest.prototype.open === 'function' &&","                    'browser';","            } catch (errorCaughtBrowser) {","                return module.exports &&","                    typeof process.versions.node === 'string' &&","                    typeof require('http').createServer === 'function' &&","                    'node';","            }","        }());","        // init global","        local.global = local.modeJs === 'browser'","            ? window","            : global;","        switch (local.modeJs) {","        // re-init local from window.local","        case 'browser':","            local = local.global.utility2.objectSetDefault(","                local.global.utility2_rollup || local.global.local,","                local.global.utility2","            );","            break;","        // re-init local from example.js","        case 'node':","            local = (local.global.utility2_rollup || require('utility2'))","                .requireReadme();","            break;","        }","        // export local","        local.global.local = local;","    }());","","","","    // run shared js-env code - function","    (function () {","        return;","    }());","    switch (local.modeJs) {","","","","    // run browser js-env code - function","    case 'browser':","        break;","","","","    // run node js-env code - function","    case 'node':","        break;","    }","","","","    // run shared js-env code - init-after","    (function () {","        return;","    }());","    switch (local.modeJs) {","","","","    // run browser js-env code - init-after","    case 'browser':","        local.testCase_browser_nullCase = local.testCase_browser_nullCase || function (","            options,","            onError","        ) {","        /*","         * this function will test browsers's null-case handling-behavior-behavior","         */","            onError(null, options);","        };","","        // run tests","        local.nop(local.modeTest &&","            document.querySelector('#testRunButton1') &&","            document.querySelector('#testRunButton1').click());","        break;","","","","    // run node js-env code - init-after","    /* istanbul ignore next */","    case 'node':","        local.testCase_buildApidoc_default = local.testCase_buildApidoc_default || function (","            options,","            onError","        ) {","        /*","         * this function will test buildApidoc's default handling-behavior-behavior","         */","            options = { modulePathList: module.paths };","            local.buildApidoc(options, onError);","        };","","        local.testCase_buildApp_default = local.testCase_buildApp_default || function (","            options,","            onError","        ) {","        /*","         * this function will test buildApp's default handling-behavior-behavior","         */","            local.testCase_buildReadme_default(options, local.onErrorThrow);","            local.testCase_buildLib_default(options, local.onErrorThrow);","            local.testCase_buildTest_default(options, local.onErrorThrow);","            local.testCase_buildCustomOrg_default(options, local.onErrorThrow);","            options = [];","            local.buildApp(options, onError);","        };","","        local.testCase_buildCustomOrg_default = local.testCase_buildCustomOrg_default ||","            function (options, onError) {","            /*","             * this function will test buildCustomOrg's default handling-behavior","             */","                options = {};","                local.buildCustomOrg(options, onError);","            };","","        local.testCase_buildLib_default = local.testCase_buildLib_default || function (","            options,","            onError","        ) {","        /*","         * this function will test buildLib's default handling-behavior","         */","            options = {};","            local.buildLib(options, onError);","        };","","        local.testCase_buildReadme_default = local.testCase_buildReadme_default || function (","            options,","            onError","        ) {","        /*","         * this function will test buildReadme's default handling-behavior-behavior","         */","            options = {};","            local.buildReadme(options, onError);","        };","","        local.testCase_buildTest_default = local.testCase_buildTest_default || function (","            options,","            onError","        ) {","        /*","         * this function will test buildTest's default handling-behavior","         */","            options = {};","            local.buildTest(options, onError);","        };","","        local.testCase_webpage_default = local.testCase_webpage_default || function (","            options,","            onError","        ) {","        /*","         * this function will test webpage's default handling-behavior","         */","            options = { modeCoverageMerge: true, url: local.serverLocalHost + '?modeTest=1' };","            local.browserTest(options, onError);","        };","","        // run test-server","        local.testRunServer(local);","        break;","    }","}());",""],"l":{"12":2,"14":2,"19":2,"21":2,"23":2,"24":2,"25":2,"30":1,"37":2,"40":2,"43":1,"47":1,"50":1,"52":1,"55":2,"61":2,"62":2,"64":2,"70":1,"76":1,"82":2,"83":2,"85":2,"91":1,"98":1,"102":1,"105":1,"112":1,"119":1,"120":1,"123":1,"130":1,"131":1,"132":1,"133":1,"134":1,"135":1,"138":1,"143":2,"144":2,"147":1,"154":2,"155":2,"158":1,"165":2,"166":2,"169":1,"176":2,"177":2,"180":1,"187":1,"188":1,"192":1,"193":1}},"/home/travis/build/npmtest/node-npmtest-asyncawait/lib.npmtest_asyncawait.js":{"path":"/home/travis/build/npmtest/node-npmtest-asyncawait/lib.npmtest_asyncawait.js","s":{"1":2,"2":2,"3":2,"4":2,"5":2,"6":2,"7":2,"8":1,"9":2,"10":2,"11":2,"12":2,"13":1,"14":1,"15":1,"16":1},"b":{"1":[2,1,1,1],"2":[1,1,1,1],"3":[1,1],"4":[2,2],"5":[1,1]},"f":{"1":2,"2":2,"3":2},"fnMap":{"1":{"name":"(anonymous_1)","line":12,"loc":{"start":{"line":12,"column":1},"end":{"line":12,"column":13}}},"2":{"name":"(anonymous_2)","line":19,"loc":{"start":{"line":19,"column":5},"end":{"line":19,"column":17}}},"3":{"name":"(anonymous_3)","line":23,"loc":{"start":{"line":23,"column":24},"end":{"line":23,"column":36}}}},"statementMap":{"1":{"start":{"line":12,"column":0},"end":{"line":53,"column":5}},"2":{"start":{"line":14,"column":4},"end":{"line":14,"column":14}},"3":{"start":{"line":19,"column":4},"end":{"line":52,"column":9}},"4":{"start":{"line":21,"column":8},"end":{"line":21,"column":19}},"5":{"start":{"line":23,"column":8},"end":{"line":35,"column":13}},"6":{"start":{"line":24,"column":12},"end":{"line":34,"column":13}},"7":{"start":{"line":25,"column":16},"end":{"line":28,"column":30}},"8":{"start":{"line":30,"column":16},"end":{"line":33,"column":27}},"9":{"start":{"line":37,"column":8},"end":{"line":39,"column":21}},"10":{"start":{"line":41,"column":8},"end":{"line":41,"column":54}},"11":{"start":{"line":43,"column":8},"end":{"line":43,"column":55}},"12":{"start":{"line":45,"column":8},"end":{"line":51,"column":9}},"13":{"start":{"line":46,"column":12},"end":{"line":46,"column":61}},"14":{"start":{"line":48,"column":12},"end":{"line":48,"column":35}},"15":{"start":{"line":49,"column":12},"end":{"line":49,"column":49}},"16":{"start":{"line":50,"column":12},"end":{"line":50,"column":43}}},"branchMap":{"1":{"line":25,"type":"binary-expr","locations":[{"start":{"line":25,"column":23},"end":{"line":25,"column":62}},{"start":{"line":26,"column":20},"end":{"line":26,"column":70}},{"start":{"line":27,"column":20},"end":{"line":27,"column":71}},{"start":{"line":28,"column":20},"end":{"line":28,"column":29}}]},"2":{"line":30,"type":"binary-expr","locations":[{"start":{"line":30,"column":23},"end":{"line":30,"column":37}},{"start":{"line":31,"column":20},"end":{"line":31,"column":61}},{"start":{"line":32,"column":20},"end":{"line":32,"column":70}},{"start":{"line":33,"column":20},"end":{"line":33,"column":26}}]},"3":{"line":37,"type":"cond-expr","locations":[{"start":{"line":38,"column":14},"end":{"line":38,"column":20}},{"start":{"line":39,"column":14},"end":{"line":39,"column":20}}]},"4":{"line":41,"type":"binary-expr","locations":[{"start":{"line":41,"column":16},"end":{"line":41,"column":44}},{"start":{"line":41,"column":48},"end":{"line":41,"column":53}}]},"5":{"line":45,"type":"if","locations":[{"start":{"line":45,"column":8},"end":{"line":45,"column":8}},{"start":{"line":45,"column":8},"end":{"line":45,"column":8}}]}},"code":["/* istanbul instrument in package npmtest_asyncawait */","/*jslint","    bitwise: true,","    browser: true,","    maxerr: 8,","    maxlen: 96,","    node: true,","    nomen: true,","    regexp: true,","    stupid: true","*/","(function () {","    'use strict';","    var local;","","","","    // run shared js-env code - init-before","    (function () {","        // init local","        local = {};","        // init modeJs","        local.modeJs = (function () {","            try {","                return typeof navigator.userAgent === 'string' &&","                    typeof document.querySelector('body') === 'object' &&","                    typeof XMLHttpRequest.prototype.open === 'function' &&","                    'browser';","            } catch (errorCaughtBrowser) {","                return module.exports &&","                    typeof process.versions.node === 'string' &&","                    typeof require('http').createServer === 'function' &&","                    'node';","            }","        }());","        // init global","        local.global = local.modeJs === 'browser'","            ? window","            : global;","        // init utility2_rollup","        local = local.global.utility2_rollup || local;","        // init lib","        local.local = local.npmtest_asyncawait = local;","        // init exports","        if (local.modeJs === 'browser') {","            local.global.utility2_npmtest_asyncawait = local;","        } else {","            module.exports = local;","            module.exports.__dirname = __dirname;","            module.exports.module = module;","        }","    }());","}());",""],"l":{"12":2,"14":2,"19":2,"21":2,"23":2,"24":2,"25":2,"30":1,"37":2,"41":2,"43":2,"45":2,"46":1,"48":1,"49":1,"50":1}},"/home/travis/build/npmtest/node-npmtest-asyncawait/example.js":{"path":"/home/travis/build/npmtest/node-npmtest-asyncawait/example.js","s":{"1":2,"2":2,"3":2,"4":2,"5":2,"6":2,"7":2,"8":1,"9":2,"10":2,"11":2,"12":2,"13":1,"14":2,"15":2,"16":2,"17":2,"18":2,"19":0,"20":2,"21":1,"22":1,"23":1,"24":1,"25":1,"26":0,"27":0,"28":1,"29":1,"30":2,"31":0,"32":0,"33":0,"34":1,"35":2,"36":2,"37":3,"38":3,"39":3,"40":3,"41":0,"42":3,"43":3,"44":3,"45":1,"46":3,"47":1,"48":1,"49":1,"50":1,"51":1,"52":1,"53":1,"54":1,"55":1,"56":1,"57":0,"58":1,"59":6,"60":6,"61":1,"62":2,"63":0,"64":2,"65":1,"66":1,"67":0,"68":0,"69":0,"70":0,"71":0,"72":0,"73":0,"74":0,"75":0,"76":0,"77":0,"78":0,"79":0,"80":0,"81":0,"82":0,"83":0},"b":{"1":[2,1,1,1],"2":[1,1,1,1],"3":[1,1],"4":[2,2],"5":[1,1],"6":[1,1],"7":[2,0],"8":[2,1,1,1,1,1],"9":[0,2,0],"10":[1,1],"11":[2,1,1],"12":[1,0],"13":[0,2],"14":[2,0,0,0,0,0,0],"15":[0,3],"16":[3,0],"17":[1,1],"18":[0,1],"19":[1,2,0,2],"20":[1,0],"21":[1,1],"22":[0,0],"23":[0,0],"24":[0,0],"25":[0,0],"26":[0,0],"27":[0,0],"28":[0,0]},"f":{"1":2,"2":2,"3":2,"4":2,"5":2,"6":2,"7":3,"8":3,"9":3,"10":1,"11":6,"12":0},"fnMap":{"1":{"name":"(anonymous_1)","line":26,"loc":{"start":{"line":26,"column":1},"end":{"line":26,"column":13}}},"2":{"name":"(anonymous_2)","line":33,"loc":{"start":{"line":33,"column":5},"end":{"line":33,"column":17}}},"3":{"name":"(anonymous_3)","line":37,"loc":{"start":{"line":37,"column":24},"end":{"line":37,"column":36}}},"4":{"name":"(anonymous_4)","line":69,"loc":{"start":{"line":69,"column":31},"end":{"line":69,"column":48}},"skip":true},"5":{"name":"(anonymous_5)","line":78,"loc":{"start":{"line":78,"column":26},"end":{"line":78,"column":45}},"skip":true},"6":{"name":"(anonymous_6)","line":123,"loc":{"start":{"line":123,"column":33},"end":{"line":123,"column":48}},"skip":true},"7":{"name":"(anonymous_7)","line":125,"loc":{"start":{"line":125,"column":27},"end":{"line":125,"column":39}},"skip":true},"8":{"name":"(anonymous_8)","line":133,"loc":{"start":{"line":133,"column":59},"end":{"line":133,"column":74}},"skip":true},"9":{"name":"(anonymous_9)","line":143,"loc":{"start":{"line":143,"column":45},"end":{"line":143,"column":62}},"skip":true},"10":{"name":"(anonymous_10)","line":144,"loc":{"start":{"line":144,"column":73},"end":{"line":144,"column":92}},"skip":true},"11":{"name":"(anonymous_11)","line":272,"loc":{"start":{"line":272,"column":51},"end":{"line":272,"column":77}},"skip":true},"12":{"name":"(anonymous_12)","line":315,"loc":{"start":{"line":315,"column":32},"end":{"line":315,"column":61}},"skip":true}},"statementMap":{"1":{"start":{"line":26,"column":0},"end":{"line":326,"column":5}},"2":{"start":{"line":28,"column":4},"end":{"line":28,"column":14}},"3":{"start":{"line":33,"column":4},"end":{"line":60,"column":9}},"4":{"start":{"line":35,"column":8},"end":{"line":35,"column":19}},"5":{"start":{"line":37,"column":8},"end":{"line":49,"column":13}},"6":{"start":{"line":38,"column":12},"end":{"line":48,"column":13}},"7":{"start":{"line":39,"column":16},"end":{"line":42,"column":30}},"8":{"start":{"line":44,"column":16},"end":{"line":47,"column":27}},"9":{"start":{"line":51,"column":8},"end":{"line":53,"column":21}},"10":{"start":{"line":55,"column":8},"end":{"line":57,"column":45}},"11":{"start":{"line":59,"column":8},"end":{"line":59,"column":35}},"12":{"start":{"line":61,"column":4},"end":{"line":325,"column":5}},"13":{"start":{"line":69,"column":8},"end":{"line":121,"column":10},"skip":true},"14":{"start":{"line":70,"column":12},"end":{"line":88,"column":13},"skip":true},"15":{"start":{"line":76,"column":16},"end":{"line":87,"column":19},"skip":true},"16":{"start":{"line":79,"column":20},"end":{"line":86,"column":21},"skip":true},"17":{"start":{"line":82,"column":24},"end":{"line":82,"column":43},"skip":true},"18":{"start":{"line":83,"column":24},"end":{"line":83,"column":30},"skip":true},"19":{"start":{"line":85,"column":24},"end":{"line":85,"column":49},"skip":true},"20":{"start":{"line":89,"column":12},"end":{"line":107,"column":13},"skip":true},"21":{"start":{"line":92,"column":16},"end":{"line":102,"column":17},"skip":true},"22":{"start":{"line":93,"column":20},"end":{"line":93,"column":86},"skip":true},"23":{"start":{"line":94,"column":20},"end":{"line":95,"column":45},"skip":true},"24":{"start":{"line":96,"column":20},"end":{"line":96,"column":42},"skip":true},"25":{"start":{"line":97,"column":20},"end":{"line":97,"column":48},"skip":true},"26":{"start":{"line":100,"column":20},"end":{"line":100,"column":85},"skip":true},"27":{"start":{"line":101,"column":20},"end":{"line":101,"column":96},"skip":true},"28":{"start":{"line":103,"column":16},"end":{"line":103,"column":22},"skip":true},"29":{"start":{"line":106,"column":16},"end":{"line":106,"column":22},"skip":true},"30":{"start":{"line":108,"column":12},"end":{"line":120,"column":13},"skip":true},"31":{"start":{"line":114,"column":16},"end":{"line":119,"column":17},"skip":true},"32":{"start":{"line":116,"column":20},"end":{"line":116,"column":78},"skip":true},"33":{"start":{"line":118,"column":20},"end":{"line":118,"column":47},"skip":true},"34":{"start":{"line":123,"column":8},"end":{"line":141,"column":11},"skip":true},"35":{"start":{"line":124,"column":12},"end":{"line":124,"column":54},"skip":true},"36":{"start":{"line":125,"column":12},"end":{"line":140,"column":14},"skip":true},"37":{"start":{"line":126,"column":16},"end":{"line":126,"column":28},"skip":true},"38":{"start":{"line":127,"column":16},"end":{"line":127,"column":69},"skip":true},"39":{"start":{"line":128,"column":16},"end":{"line":128,"column":75},"skip":true},"40":{"start":{"line":129,"column":16},"end":{"line":131,"column":17},"skip":true},"41":{"start":{"line":130,"column":20},"end":{"line":130,"column":27},"skip":true},"42":{"start":{"line":133,"column":16},"end":{"line":137,"column":36},"skip":true},"43":{"start":{"line":134,"column":20},"end":{"line":136,"column":55},"skip":true},"44":{"start":{"line":139,"column":16},"end":{"line":139,"column":57},"skip":true},"45":{"start":{"line":143,"column":8},"end":{"line":147,"column":11},"skip":true},"46":{"start":{"line":144,"column":12},"end":{"line":146,"column":15},"skip":true},"47":{"start":{"line":145,"column":16},"end":{"line":145,"column":70},"skip":true},"48":{"start":{"line":149,"column":8},"end":{"line":149,"column":31},"skip":true},"49":{"start":{"line":150,"column":8},"end":{"line":150,"column":14},"skip":true},"50":{"start":{"line":158,"column":8},"end":{"line":158,"column":31},"skip":true},"51":{"start":{"line":160,"column":8},"end":{"line":160,"column":33},"skip":true},"52":{"start":{"line":161,"column":8},"end":{"line":161,"column":37},"skip":true},"53":{"start":{"line":162,"column":8},"end":{"line":162,"column":35},"skip":true},"54":{"start":{"line":164,"column":8},"end":{"line":164,"column":50},"skip":true},"55":{"start":{"line":166,"column":8},"end":{"line":256,"column":2},"skip":true},"56":{"start":{"line":258,"column":8},"end":{"line":286,"column":9},"skip":true},"57":{"start":{"line":259,"column":12},"end":{"line":269,"column":14},"skip":true},"58":{"start":{"line":271,"column":12},"end":{"line":285,"column":19},"skip":true},"59":{"start":{"line":274,"column":20},"end":{"line":274,"column":35},"skip":true},"60":{"start":{"line":275,"column":20},"end":{"line":284,"column":21},"skip":true},"61":{"start":{"line":277,"column":24},"end":{"line":277,"column":64},"skip":true},"62":{"start":{"line":279,"column":24},"end":{"line":279,"column":40},"skip":true},"63":{"start":{"line":281,"column":24},"end":{"line":281,"column":40},"skip":true},"64":{"start":{"line":283,"column":24},"end":{"line":283,"column":39},"skip":true},"65":{"start":{"line":288,"column":8},"end":{"line":290,"column":9},"skip":true},"66":{"start":{"line":289,"column":12},"end":{"line":289,"column":18},"skip":true},"67":{"start":{"line":291,"column":8},"end":{"line":293,"column":54},"skip":true},"68":{"start":{"line":296,"column":8},"end":{"line":301,"column":37},"skip":true},"69":{"start":{"line":303,"column":8},"end":{"line":303,"column":82},"skip":true},"70":{"start":{"line":306,"column":8},"end":{"line":308,"column":9},"skip":true},"71":{"start":{"line":307,"column":12},"end":{"line":307,"column":82},"skip":true},"72":{"start":{"line":310,"column":8},"end":{"line":312,"column":9},"skip":true},"73":{"start":{"line":311,"column":12},"end":{"line":311,"column":18},"skip":true},"74":{"start":{"line":313,"column":8},"end":{"line":313,"column":54},"skip":true},"75":{"start":{"line":314,"column":8},"end":{"line":314,"column":69},"skip":true},"76":{"start":{"line":315,"column":8},"end":{"line":323,"column":36},"skip":true},"77":{"start":{"line":316,"column":12},"end":{"line":316,"column":61},"skip":true},"78":{"start":{"line":317,"column":12},"end":{"line":320,"column":13},"skip":true},"79":{"start":{"line":318,"column":16},"end":{"line":318,"column":75},"skip":true},"80":{"start":{"line":319,"column":16},"end":{"line":319,"column":23},"skip":true},"81":{"start":{"line":321,"column":12},"end":{"line":321,"column":38},"skip":true},"82":{"start":{"line":322,"column":12},"end":{"line":322,"column":27},"skip":true},"83":{"start":{"line":324,"column":8},"end":{"line":324,"column":14},"skip":true}},"branchMap":{"1":{"line":39,"type":"binary-expr","locations":[{"start":{"line":39,"column":23},"end":{"line":39,"column":62}},{"start":{"line":40,"column":20},"end":{"line":40,"column":70}},{"start":{"line":41,"column":20},"end":{"line":41,"column":71}},{"start":{"line":42,"column":20},"end":{"line":42,"column":29}}]},"2":{"line":44,"type":"binary-expr","locations":[{"start":{"line":44,"column":23},"end":{"line":44,"column":37}},{"start":{"line":45,"column":20},"end":{"line":45,"column":61}},{"start":{"line":46,"column":20},"end":{"line":46,"column":70}},{"start":{"line":47,"column":20},"end":{"line":47,"column":26}}]},"3":{"line":51,"type":"cond-expr","locations":[{"start":{"line":52,"column":14},"end":{"line":52,"column":20}},{"start":{"line":53,"column":14},"end":{"line":53,"column":20}}]},"4":{"line":55,"type":"binary-expr","locations":[{"start":{"line":55,"column":16},"end":{"line":55,"column":44}},{"start":{"line":55,"column":49},"end":{"line":57,"column":43}}]},"5":{"line":55,"type":"cond-expr","locations":[{"start":{"line":56,"column":14},"end":{"line":56,"column":54}},{"start":{"line":57,"column":14},"end":{"line":57,"column":43}}]},"6":{"line":61,"type":"switch","locations":[{"start":{"line":68,"column":4},"end":{"line":150,"column":14},"skip":true},{"start":{"line":156,"column":4},"end":{"line":324,"column":14},"skip":true}]},"7":{"line":70,"type":"if","locations":[{"start":{"line":70,"column":12},"end":{"line":70,"column":12},"skip":true},{"start":{"line":70,"column":12},"end":{"line":70,"column":12},"skip":true}]},"8":{"line":70,"type":"binary-expr","locations":[{"start":{"line":70,"column":16},"end":{"line":70,"column":22},"skip":true},{"start":{"line":70,"column":27},"end":{"line":70,"column":32},"skip":true},{"start":{"line":71,"column":20},"end":{"line":71,"column":39},"skip":true},{"start":{"line":72,"column":20},"end":{"line":72,"column":49},"skip":true},{"start":{"line":73,"column":20},"end":{"line":73,"column":58},"skip":true},{"start":{"line":74,"column":20},"end":{"line":74,"column":69},"skip":true}]},"9":{"line":79,"type":"switch","locations":[{"start":{"line":80,"column":20},"end":{"line":80,"column":33},"skip":true},{"start":{"line":81,"column":20},"end":{"line":83,"column":30},"skip":true},{"start":{"line":84,"column":20},"end":{"line":85,"column":49},"skip":true}]},"10":{"line":89,"type":"switch","locations":[{"start":{"line":90,"column":12},"end":{"line":103,"column":22},"skip":true},{"start":{"line":105,"column":12},"end":{"line":106,"column":22},"skip":true}]},"11":{"line":89,"type":"binary-expr","locations":[{"start":{"line":89,"column":20},"end":{"line":89,"column":25},"skip":true},{"start":{"line":89,"column":29},"end":{"line":89,"column":48},"skip":true},{"start":{"line":89,"column":52},"end":{"line":89,"column":74},"skip":true}]},"12":{"line":92,"type":"if","locations":[{"start":{"line":92,"column":16},"end":{"line":92,"column":16},"skip":true},{"start":{"line":92,"column":16},"end":{"line":92,"column":16},"skip":true}]},"13":{"line":108,"type":"if","locations":[{"start":{"line":108,"column":12},"end":{"line":108,"column":12},"skip":true},{"start":{"line":108,"column":12},"end":{"line":108,"column":12},"skip":true}]},"14":{"line":108,"type":"binary-expr","locations":[{"start":{"line":108,"column":16},"end":{"line":108,"column":61},"skip":true},{"start":{"line":108,"column":66},"end":{"line":108,"column":72},"skip":true},{"start":{"line":108,"column":77},"end":{"line":108,"column":82},"skip":true},{"start":{"line":109,"column":20},"end":{"line":109,"column":39},"skip":true},{"start":{"line":110,"column":20},"end":{"line":110,"column":49},"skip":true},{"start":{"line":111,"column":20},"end":{"line":111,"column":58},"skip":true},{"start":{"line":112,"column":20},"end":{"line":112,"column":68},"skip":true}]},"15":{"line":129,"type":"if","locations":[{"start":{"line":129,"column":16},"end":{"line":129,"column":16},"skip":true},{"start":{"line":129,"column":16},"end":{"line":129,"column":16},"skip":true}]},"16":{"line":134,"type":"cond-expr","locations":[{"start":{"line":135,"column":26},"end":{"line":135,"column":29},"skip":true},{"start":{"line":136,"column":26},"end":{"line":136,"column":54},"skip":true}]},"17":{"line":164,"type":"binary-expr","locations":[{"start":{"line":164,"column":27},"end":{"line":164,"column":43},"skip":true},{"start":{"line":164,"column":47},"end":{"line":164,"column":49},"skip":true}]},"18":{"line":258,"type":"if","locations":[{"start":{"line":258,"column":8},"end":{"line":258,"column":8},"skip":true},{"start":{"line":258,"column":8},"end":{"line":258,"column":8},"skip":true}]},"19":{"line":275,"type":"switch","locations":[{"start":{"line":276,"column":20},"end":{"line":277,"column":64},"skip":true},{"start":{"line":278,"column":20},"end":{"line":279,"column":40},"skip":true},{"start":{"line":280,"column":20},"end":{"line":281,"column":40},"skip":true},{"start":{"line":282,"column":20},"end":{"line":283,"column":39},"skip":true}]},"20":{"line":288,"type":"if","locations":[{"start":{"line":288,"column":8},"end":{"line":288,"column":8},"skip":true},{"start":{"line":288,"column":8},"end":{"line":288,"column":8},"skip":true}]},"21":{"line":288,"type":"binary-expr","locations":[{"start":{"line":288,"column":12},"end":{"line":288,"column":40},"skip":true},{"start":{"line":288,"column":44},"end":{"line":288,"column":67},"skip":true}]},"22":{"line":292,"type":"binary-expr","locations":[{"start":{"line":292,"column":12},"end":{"line":292,"column":50},"skip":true},{"start":{"line":293,"column":12},"end":{"line":293,"column":53},"skip":true}]},"23":{"line":297,"type":"binary-expr","locations":[{"start":{"line":297,"column":12},"end":{"line":297,"column":68},"skip":true},{"start":{"line":298,"column":12},"end":{"line":301,"column":36},"skip":true}]},"24":{"line":303,"type":"binary-expr","locations":[{"start":{"line":303,"column":43},"end":{"line":303,"column":75},"skip":true},{"start":{"line":303,"column":79},"end":{"line":303,"column":81},"skip":true}]},"25":{"line":306,"type":"if","locations":[{"start":{"line":306,"column":8},"end":{"line":306,"column":8},"skip":true},{"start":{"line":306,"column":8},"end":{"line":306,"column":8},"skip":true}]},"26":{"line":310,"type":"if","locations":[{"start":{"line":310,"column":8},"end":{"line":310,"column":8},"skip":true},{"start":{"line":310,"column":8},"end":{"line":310,"column":8},"skip":true}]},"27":{"line":313,"type":"binary-expr","locations":[{"start":{"line":313,"column":27},"end":{"line":313,"column":43},"skip":true},{"start":{"line":313,"column":47},"end":{"line":313,"column":53},"skip":true}]},"28":{"line":317,"type":"if","locations":[{"start":{"line":317,"column":12},"end":{"line":317,"column":12},"skip":true},{"start":{"line":317,"column":12},"end":{"line":317,"column":12},"skip":true}]}},"code":["/*","example.js","","quickstart example","","instruction","    1. save this script as example.js","    2. run the shell command:","        $ npm install npmtest-asyncawait && PORT=8081 node example.js","    3. play with the browser-demo on http://127.0.0.1:8081","*/","","","","/* istanbul instrument in package npmtest_asyncawait */","/*jslint","    bitwise: true,","    browser: true,","    maxerr: 8,","    maxlen: 96,","    node: true,","    nomen: true,","    regexp: true,","    stupid: true","*/","(function () {","    'use strict';","    var local;","","","","    // run shared js-env code - init-before","    (function () {","        // init local","        local = {};","        // init modeJs","        local.modeJs = (function () {","            try {","                return typeof navigator.userAgent === 'string' &&","                    typeof document.querySelector('body') === 'object' &&","                    typeof XMLHttpRequest.prototype.open === 'function' &&","                    'browser';","            } catch (errorCaughtBrowser) {","                return module.exports &&","                    typeof process.versions.node === 'string' &&","                    typeof require('http').createServer === 'function' &&","                    'node';","            }","        }());","        // init global","        local.global = local.modeJs === 'browser'","            ? window","            : global;","        // init utility2_rollup","        local = local.global.utility2_rollup || (local.modeJs === 'browser'","            ? local.global.utility2_npmtest_asyncawait","            : global.utility2_moduleExports);","        // export local","        local.global.local = local;","    }());","    switch (local.modeJs) {","","","","    // init-after","    // run browser js-env code - init-after","    /* istanbul ignore next */","    case 'browser':","        local.testRunBrowser = function (event) {","            if (!event || (event &&","                    event.currentTarget &&","                    event.currentTarget.className &&","                    event.currentTarget.className.includes &&","                    event.currentTarget.className.includes('onreset'))) {","                // reset output","                Array.from(","                    document.querySelectorAll('body > .resettable')","                ).forEach(function (element) {","                    switch (element.tagName) {","                    case 'INPUT':","                    case 'TEXTAREA':","                        element.value = '';","                        break;","                    default:","                        element.textContent = '';","                    }","                });","            }","            switch (event && event.currentTarget && event.currentTarget.id) {","            case 'testRunButton1':","                // show tests","                if (document.querySelector('#testReportDiv1').style.display === 'none') {","                    document.querySelector('#testReportDiv1').style.display = 'block';","                    document.querySelector('#testRunButton1').textContent =","                        'hide internal test';","                    local.modeTest = true;","                    local.testRunDefault(local);","                // hide tests","                } else {","                    document.querySelector('#testReportDiv1').style.display = 'none';","                    document.querySelector('#testRunButton1').textContent = 'run internal test';","                }","                break;","            // custom-case","            default:","                break;","            }","            if (document.querySelector('#inputTextareaEval1') && (!event || (event &&","                    event.currentTarget &&","                    event.currentTarget.className &&","                    event.currentTarget.className.includes &&","                    event.currentTarget.className.includes('oneval')))) {","                // try to eval input-code","                try {","                    /*jslint evil: true*/","                    eval(document.querySelector('#inputTextareaEval1').value);","                } catch (errorCaught) {","                    console.error(errorCaught);","                }","            }","        };","        // log stderr and stdout to #outputTextareaStdout1","        ['error', 'log'].forEach(function (key) {","            console[key + '_original'] = console[key];","            console[key] = function () {","                var element;","                console[key + '_original'].apply(console, arguments);","                element = document.querySelector('#outputTextareaStdout1');","                if (!element) {","                    return;","                }","                // append text to #outputTextareaStdout1","                element.value += Array.from(arguments).map(function (arg) {","                    return typeof arg === 'string'","                        ? arg","                        : JSON.stringify(arg, null, 4);","                }).join(' ') + '\\n';","                // scroll textarea to bottom","                element.scrollTop = element.scrollHeight;","            };","        });","        // init event-handling","        ['change', 'click', 'keyup'].forEach(function (event) {","            Array.from(document.querySelectorAll('.on' + event)).forEach(function (element) {","                element.addEventListener(event, local.testRunBrowser);","            });","        });","        // run tests","        local.testRunBrowser();","        break;","","","","    // run node js-env code - init-after","    /* istanbul ignore next */","    case 'node':","        // export local","        module.exports = local;","        // require modules","        local.fs = require('fs');","        local.http = require('http');","        local.url = require('url');","        // init assets","        local.assetsDict = local.assetsDict || {};","        /* jslint-ignore-begin */","        local.assetsDict['/assets.index.template.html'] = '\\","<!doctype html>\\n\\","<html lang=\"en\">\\n\\","<head>\\n\\","<meta charset=\"UTF-8\">\\n\\","<meta name=\"viewport\" content=\"width=device-width, initial-scale=1\">\\n\\","<title>{{env.npm_package_name}} (v{{env.npm_package_version}})</title>\\n\\","<style>\\n\\","/*csslint\\n\\","    box-sizing: false,\\n\\","    universal-selector: false\\n\\","*/\\n\\","* {\\n\\","    box-sizing: border-box;\\n\\","}\\n\\","body {\\n\\","    background: #dde;\\n\\","    font-family: Arial, Helvetica, sans-serif;\\n\\","    margin: 2rem;\\n\\","}\\n\\","body > * {\\n\\","    margin-bottom: 1rem;\\n\\","}\\n\\",".utility2FooterDiv {\\n\\","    margin-top: 20px;\\n\\","    text-align: center;\\n\\","}\\n\\","</style>\\n\\","<style>\\n\\","/*csslint\\n\\","*/\\n\\","textarea {\\n\\","    font-family: monospace;\\n\\","    height: 10rem;\\n\\","    width: 100%;\\n\\","}\\n\\","textarea[readonly] {\\n\\","    background: #ddd;\\n\\","}\\n\\","</style>\\n\\","</head>\\n\\","<body>\\n\\","<!-- utility2-comment\\n\\","<div id=\"ajaxProgressDiv1\" style=\"background: #d00; height: 2px; left: 0; margin: 0; padding: 0; position: fixed; top: 0; transition: background 0.5s, width 1.5s; width: 25%;\"></div>\\n\\","utility2-comment -->\\n\\","<h1>\\n\\","<!-- utility2-comment\\n\\","    <a\\n\\","        {{#if env.npm_package_homepage}}\\n\\","        href=\"{{env.npm_package_homepage}}\"\\n\\","        {{/if env.npm_package_homepage}}\\n\\","        target=\"_blank\"\\n\\","    >\\n\\","utility2-comment -->\\n\\","        {{env.npm_package_name}} (v{{env.npm_package_version}})\\n\\","<!-- utility2-comment\\n\\","    </a>\\n\\","utility2-comment -->\\n\\","</h1>\\n\\","<h3>{{env.npm_package_description}}</h3>\\n\\","<!-- utility2-comment\\n\\","<h4><a download href=\"assets.app.js\">download standalone app</a></h4>\\n\\","<button class=\"onclick onreset\" id=\"testRunButton1\">run internal test</button><br>\\n\\","<div id=\"testReportDiv1\" style=\"display: none;\"></div>\\n\\","utility2-comment -->\\n\\","\\n\\","\\n\\","\\n\\","<label>stderr and stdout</label>\\n\\","<textarea class=\"resettable\" id=\"outputTextareaStdout1\" readonly></textarea>\\n\\","<!-- utility2-comment\\n\\","{{#if isRollup}}\\n\\","<script src=\"assets.app.js\"></script>\\n\\","{{#unless isRollup}}\\n\\","utility2-comment -->\\n\\","<script src=\"assets.utility2.rollup.js\"></script>\\n\\","<script src=\"jsonp.utility2._stateInit?callback=window.utility2._stateInit\"></script>\\n\\","<script src=\"assets.npmtest_asyncawait.rollup.js\"></script>\\n\\","<script src=\"assets.example.js\"></script>\\n\\","<script src=\"assets.test.js\"></script>\\n\\","<!-- utility2-comment\\n\\","{{/if isRollup}}\\n\\","utility2-comment -->\\n\\","<div class=\"utility2FooterDiv\">\\n\\","    [ this app was created with\\n\\","    <a href=\"https://github.com/kaizhu256/node-utility2\" target=\"_blank\">utility2</a>\\n\\","    ]\\n\\","</div>\\n\\","</body>\\n\\","</html>\\n\\","';","        /* jslint-ignore-end */","        if (local.templateRender) {","            local.assetsDict['/'] = local.templateRender(","                local.assetsDict['/assets.index.template.html'],","                {","                    env: local.objectSetDefault(local.env, {","                        npm_package_description: 'the greatest app in the world!',","                        npm_package_name: 'my-app',","                        npm_package_nameAlias: 'my_app',","                        npm_package_version: '0.0.1'","                    })","                }","            );","        } else {","            local.assetsDict['/'] = local.assetsDict['/assets.index.template.html']","                .replace((/\\{\\{env\\.(\\w+?)\\}\\}/g), function (match0, match1) {","                    // jslint-hack","                    String(match0);","                    switch (match1) {","                    case 'npm_package_description':","                        return 'the greatest app in the world!';","                    case 'npm_package_name':","                        return 'my-app';","                    case 'npm_package_nameAlias':","                        return 'my_app';","                    case 'npm_package_version':","                        return '0.0.1';","                    }","                });","        }","        // run the cli","        if (local.global.utility2_rollup || module !== require.main) {","            break;","        }","        local.assetsDict['/assets.example.js'] =","            local.assetsDict['/assets.example.js'] ||","            local.fs.readFileSync(__filename, 'utf8');","        // bug-workaround - long $npm_package_buildCustomOrg","        /* jslint-ignore-begin */","        local.assetsDict['/assets.npmtest_asyncawait.rollup.js'] =","            local.assetsDict['/assets.npmtest_asyncawait.rollup.js'] ||","            local.fs.readFileSync(","                local.npmtest_asyncawait.__dirname + '/lib.npmtest_asyncawait.js',","                'utf8'","            ).replace((/^#!/), '//');","        /* jslint-ignore-end */","        local.assetsDict['/favicon.ico'] = local.assetsDict['/favicon.ico'] || '';","        // if $npm_config_timeout_exit exists,","        // then exit this process after $npm_config_timeout_exit ms","        if (Number(process.env.npm_config_timeout_exit)) {","            setTimeout(process.exit, Number(process.env.npm_config_timeout_exit));","        }","        // start server","        if (local.global.utility2_serverHttp1) {","            break;","        }","        process.env.PORT = process.env.PORT || '8081';","        console.error('server starting on port ' + process.env.PORT);","        local.http.createServer(function (request, response) {","            request.urlParsed = local.url.parse(request.url);","            if (local.assetsDict[request.urlParsed.pathname] !== undefined) {","                response.end(local.assetsDict[request.urlParsed.pathname]);","                return;","            }","            response.statusCode = 404;","            response.end();","        }).listen(process.env.PORT);","        break;","    }","}());",""],"l":{"26":2,"28":2,"33":2,"35":2,"37":2,"38":2,"39":2,"44":1,"51":2,"55":2,"59":2,"61":2,"69":1,"70":2,"76":2,"79":2,"82":2,"83":2,"85":1,"89":2,"92":1,"93":1,"94":1,"96":1,"97":1,"100":1,"101":1,"103":1,"106":1,"108":2,"114":1,"116":1,"118":1,"123":1,"124":2,"125":2,"126":3,"127":3,"128":3,"129":3,"130":1,"133":3,"134":3,"139":3,"143":1,"144":3,"145":1,"149":1,"150":1,"158":1,"160":1,"161":1,"162":1,"164":1,"166":1,"258":1,"259":1,"271":1,"274":6,"275":6,"277":1,"279":2,"281":1,"283":2,"288":1,"289":1,"291":1,"296":1,"303":1,"306":1,"307":1,"310":1,"311":1,"313":1,"314":1,"315":1,"316":1,"317":1,"318":1,"319":1,"321":1,"322":1,"324":1}},"/home/travis/build/npmtest/node-npmtest-asyncawait/node_modules/asyncawait/index.js":{"path":"/home/travis/build/npmtest/node-npmtest-asyncawait/node_modules/asyncawait/index.js","s":{"1":1,"2":1,"3":1,"4":1},"b":{},"f":{},"fnMap":{},"statementMap":{"1":{"start":{"line":1,"column":1},"end":{"line":1,"column":36}},"2":{"start":{"line":2,"column":0},"end":{"line":2,"column":35}},"3":{"start":{"line":4,"column":0},"end":{"line":4,"column":22}},"4":{"start":{"line":5,"column":0},"end":{"line":5,"column":22}}},"branchMap":{},"code":["﻿var async = require('./src/async');","var await = require('./src/await');","","exports.async = async;","exports.await = await;",""],"l":{"1":1,"2":1,"4":1,"5":1}},"/home/travis/build/npmtest/node-npmtest-asyncawait/node_modules/asyncawait/src/async/index.js":{"path":"/home/travis/build/npmtest/node-npmtest-asyncawait/node_modules/asyncawait/src/async/index.js","s":{"1":1,"2":1,"3":1,"4":1,"5":1,"6":1,"7":1,"8":1},"b":{},"f":{},"fnMap":{},"statementMap":{"1":{"start":{"line":1,"column":0},"end":{"line":1,"column":33}},"2":{"start":{"line":2,"column":0},"end":{"line":2,"column":47}},"3":{"start":{"line":13,"column":0},"end":{"line":13,"column":40}},"4":{"start":{"line":14,"column":0},"end":{"line":14,"column":72}},"5":{"start":{"line":15,"column":0},"end":{"line":15,"column":76}},"6":{"start":{"line":16,"column":0},"end":{"line":16,"column":78}},"7":{"start":{"line":17,"column":0},"end":{"line":17,"column":80}},"8":{"start":{"line":18,"column":0},"end":{"line":18,"column":23}}},"branchMap":{},"code":["var Config = require('./config');","var makeAsyncFunc = require('./makeAsyncFunc');","/**","  * Creates a suspendable function. Suspendable functions may use the await() function","  * internally to suspend execution at arbitrary points, pending the results of","  * internal asynchronous operations.","  * @param {Function} fn - Contains the body of the suspendable function. Calls to await()","  *                        may appear inside this function.","  * @returns {Function} A function of the form `(...args) --> Promise`. Any arguments","  *                     passed to this function are passed through to fn. The returned","  *                     promise is resolved when fn returns, or rejected if fn throws.","  */","var async = makeAsyncFunc(new Config());","async.cps = async.mod('returns: none, callback: true, iterable: false');","async.thunk = async.mod('returns: thunk, callback: false, iterable: false');","async.result = async.mod('returns: result, callback: false, iterable: false');","async.iterable = async.mod('returns: promise, callback: false, iterable: true');","module.exports = async;","//# sourceMappingURL=index.js.map"],"l":{"1":1,"2":1,"13":1,"14":1,"15":1,"16":1,"17":1,"18":1}},"/home/travis/build/npmtest/node-npmtest-asyncawait/node_modules/asyncawait/src/async/config.js":{"path":"/home/travis/build/npmtest/node-npmtest-asyncawait/node_modules/asyncawait/src/async/config.js","s":{"1":1,"2":1,"3":1,"4":5,"5":5,"6":5,"7":5,"8":5,"9":4,"10":4,"11":4,"12":4,"13":1,"14":5,"15":5,"16":5,"17":5,"18":1,"19":1,"20":1,"21":1,"22":1,"23":1},"b":{"1":[4,1],"2":[5,1]},"f":{"1":1,"2":5,"3":5},"fnMap":{"1":{"name":"(anonymous_1)","line":3,"loc":{"start":{"line":3,"column":14},"end":{"line":3,"column":26}}},"2":{"name":"Config","line":5,"loc":{"start":{"line":5,"column":4},"end":{"line":5,"column":29}}},"3":{"name":"(anonymous_3)","line":22,"loc":{"start":{"line":22,"column":32},"end":{"line":22,"column":44}}}},"statementMap":{"1":{"start":{"line":1,"column":0},"end":{"line":1,"column":31}},"2":{"start":{"line":3,"column":0},"end":{"line":34,"column":5}},"3":{"start":{"line":5,"column":4},"end":{"line":20,"column":5}},"4":{"start":{"line":7,"column":8},"end":{"line":7,"column":42}},"5":{"start":{"line":9,"column":8},"end":{"line":9,"column":37}},"6":{"start":{"line":11,"column":8},"end":{"line":11,"column":32}},"7":{"start":{"line":13,"column":8},"end":{"line":13,"column":35}},"8":{"start":{"line":14,"column":8},"end":{"line":19,"column":9}},"9":{"start":{"line":15,"column":12},"end":{"line":15,"column":51}},"10":{"start":{"line":16,"column":12},"end":{"line":16,"column":59}},"11":{"start":{"line":17,"column":12},"end":{"line":17,"column":49}},"12":{"start":{"line":18,"column":12},"end":{"line":18,"column":57}},"13":{"start":{"line":22,"column":4},"end":{"line":27,"column":6}},"14":{"start":{"line":23,"column":8},"end":{"line":23,"column":118}},"15":{"start":{"line":24,"column":8},"end":{"line":24,"column":78}},"16":{"start":{"line":25,"column":8},"end":{"line":25,"column":83}},"17":{"start":{"line":26,"column":8},"end":{"line":26,"column":81}},"18":{"start":{"line":29,"column":4},"end":{"line":29,"column":31}},"19":{"start":{"line":30,"column":4},"end":{"line":30,"column":27}},"20":{"start":{"line":31,"column":4},"end":{"line":31,"column":29}},"21":{"start":{"line":32,"column":4},"end":{"line":32,"column":25}},"22":{"start":{"line":33,"column":4},"end":{"line":33,"column":18}},"23":{"start":{"line":35,"column":0},"end":{"line":35,"column":24}}},"branchMap":{"1":{"line":14,"type":"if","locations":[{"start":{"line":14,"column":8},"end":{"line":14,"column":8}},{"start":{"line":14,"column":8},"end":{"line":14,"column":8}}]},"2":{"line":25,"type":"binary-expr","locations":[{"start":{"line":25,"column":26},"end":{"line":25,"column":58}},{"start":{"line":25,"column":62},"end":{"line":25,"column":82}}]}},"code":["var assert = require('assert');","/** A config object holds the configuration options for a variant of the async function. */","var Config = (function () {","    /** Construct a new Config instance. */","    function Config(options) {","        /** Recognised values: 'none', 'promise', 'thunk', 'result'. */","        this.returnValue = Config.PROMISE;","        /** Indicates whether a callback function, if supplied, will be used to notify waiters of results. */","        this.acceptsCallback = false;","        /** Indicates whether the suspendable function has iterator semantics or normal semantics. */","        this.isIterable = false;","        /** Indicates whether top-level concurrency should be limited to a specified ceiling. */","        this.maxConcurrency = null;","        if (options) {","            this.returnValue = options.returnValue;","            this.acceptsCallback = options.acceptsCallback;","            this.isIterable = options.isIterable;","            this.maxConcurrency = options.maxConcurrency;","        }","    }","    /** Checks all configuration values and throw an error if anything is invalid. */","    Config.prototype.validate = function () {","        var knownRetVal = [Config.PROMISE, Config.THUNK, Config.RESULT, Config.NONE].indexOf(this.returnValue) !== -1;","        assert(knownRetVal, 'Unrecognised return value: ' + this.returnValue);","        var hasNotifier = this.returnValue !== Config.NONE || this.acceptsCallback;","        assert(hasNotifier, 'At least one notification method must be enabled.');","    };","    // Constants for use with returnValue and callbackArg","    Config.PROMISE = 'promise';","    Config.THUNK = 'thunk';","    Config.RESULT = 'result';","    Config.NONE = 'none';","    return Config;","})();","module.exports = Config;","//# sourceMappingURL=config.js.map"],"l":{"1":1,"3":1,"5":1,"7":5,"9":5,"11":5,"13":5,"14":5,"15":4,"16":4,"17":4,"18":4,"22":1,"23":5,"24":5,"25":5,"26":5,"29":1,"30":1,"31":1,"32":1,"33":1,"35":1}},"/home/travis/build/npmtest/node-npmtest-asyncawait/node_modules/asyncawait/src/async/makeAsyncFunc.js":{"path":"/home/travis/build/npmtest/node-npmtest-asyncawait/node_modules/asyncawait/src/async/makeAsyncFunc.js","s":{"1":1,"2":1,"3":1,"4":1,"5":1,"6":1,"7":1,"8":1,"9":1,"10":1,"11":5,"12":5,"13":4,"14":4,"15":4,"16":4,"17":4,"18":4,"19":4,"20":4,"21":5,"22":5,"23":1,"24":0,"25":0,"26":0,"27":0,"28":0,"29":0,"30":0,"31":0,"32":0,"33":0,"34":0,"35":0,"36":0,"37":0,"38":0,"39":0,"40":0,"41":0,"42":0,"43":0,"44":0,"45":0,"46":0,"47":1,"48":4,"49":0,"50":0,"51":0,"52":0,"53":0,"54":0,"55":0,"56":0,"57":0,"58":0,"59":0,"60":0,"61":0,"62":0,"63":0,"64":0,"65":0,"66":0,"67":0,"68":0,"69":0,"70":0,"71":0,"72":0,"73":0,"74":0,"75":0,"76":0,"77":1,"78":4,"79":0,"80":0,"81":0,"82":0,"83":0,"84":0,"85":0,"86":0,"87":0,"88":0,"89":2,"90":0,"91":0,"92":0,"93":0,"94":0,"95":0,"96":0,"97":0,"98":0,"99":2,"100":0,"101":0,"102":0,"103":0,"104":0,"105":0,"106":0,"107":0,"108":0,"109":0,"110":0,"111":0,"112":0,"113":0,"114":0,"115":0,"116":0,"117":0,"118":0,"119":0,"120":0,"121":0,"122":0,"123":0,"124":0,"125":0,"126":0,"127":0,"128":0,"129":0,"130":1,"131":5,"132":4,"133":4,"134":4,"135":0,"136":0,"137":0,"138":0,"139":1,"140":1,"141":1,"142":1,"143":1,"144":1,"145":1,"146":1,"147":0,"148":0,"149":0,"150":0,"151":0,"152":0,"153":0,"154":0,"155":0,"156":0,"157":0,"158":0,"159":1,"160":1,"161":1,"162":1,"163":1,"164":1,"165":1,"166":1,"167":0,"168":0,"169":0,"170":0,"171":0,"172":0,"173":0,"174":0,"175":0,"176":0,"177":0,"178":0,"179":0,"180":0,"181":0,"182":0,"183":0,"184":0,"185":0,"186":0,"187":0,"188":0,"189":0,"190":0,"191":4,"192":4,"193":4,"194":1},"b":{"1":[0,4],"2":[0,4],"3":[4,0],"4":[0,0],"5":[0,0],"6":[0,0],"7":[0,0],"8":[0,0],"9":[0,0],"10":[0,0,0],"11":[0,0],"12":[0,0],"13":[0,0,0,0],"14":[0,0,2,0,2,0,0,0,0,0,0],"15":[4,0],"16":[0,1,1,0,0,0,1,1,0,0,0,0,0,0]},"f":{"1":5,"2":4,"3":0,"4":0,"5":0,"6":0,"7":4,"8":0,"9":0,"10":0,"11":0,"12":0,"13":0,"14":0,"15":4,"16":0,"17":0,"18":0,"19":0,"20":0,"21":0,"22":0,"23":0,"24":0,"25":0,"26":5,"27":4},"fnMap":{"1":{"name":"makeAsyncFunc","line":11,"loc":{"start":{"line":11,"column":0},"end":{"line":11,"column":31}}},"2":{"name":"async","line":15,"loc":{"start":{"line":15,"column":17},"end":{"line":15,"column":42}}},"3":{"name":"makeAsyncIterator","line":33,"loc":{"start":{"line":33,"column":0},"end":{"line":33,"column":56}}},"4":{"name":"iterable","line":35,"loc":{"start":{"line":35,"column":11},"end":{"line":35,"column":31}}},"5":{"name":"(anonymous_5)","line":41,"loc":{"start":{"line":41,"column":21},"end":{"line":41,"column":37}}},"6":{"name":"(anonymous_6)","line":60,"loc":{"start":{"line":60,"column":29},"end":{"line":60,"column":41}}},"7":{"name":"makeAsyncNonIterator","line":73,"loc":{"start":{"line":73,"column":0},"end":{"line":73,"column":59}}},"8":{"name":"nonIterable","line":75,"loc":{"start":{"line":75,"column":11},"end":{"line":75,"column":34}}},"9":{"name":"(anonymous_9)","line":84,"loc":{"start":{"line":84,"column":69},"end":{"line":84,"column":81}}},"10":{"name":"(anonymous_10)","line":95,"loc":{"start":{"line":95,"column":24},"end":{"line":95,"column":40}}},"11":{"name":"(anonymous_11)","line":97,"loc":{"start":{"line":97,"column":42},"end":{"line":97,"column":57}}},"12":{"name":"(anonymous_12)","line":97,"loc":{"start":{"line":97,"column":86},"end":{"line":97,"column":101}}},"13":{"name":"(anonymous_13)","line":98,"loc":{"start":{"line":98,"column":32},"end":{"line":98,"column":44}}},"14":{"name":"(anonymous_14)","line":102,"loc":{"start":{"line":102,"column":28},"end":{"line":102,"column":40}}},"15":{"name":"makeFuncWithArity","line":114,"loc":{"start":{"line":114,"column":0},"end":{"line":114,"column":38}}},"16":{"name":"f0","line":117,"loc":{"start":{"line":117,"column":23},"end":{"line":117,"column":37}}},"17":{"name":"f1","line":119,"loc":{"start":{"line":119,"column":23},"end":{"line":119,"column":38}}},"18":{"name":"f2","line":121,"loc":{"start":{"line":121,"column":23},"end":{"line":121,"column":41}}},"19":{"name":"f3","line":123,"loc":{"start":{"line":123,"column":23},"end":{"line":123,"column":44}}},"20":{"name":"f4","line":125,"loc":{"start":{"line":125,"column":23},"end":{"line":125,"column":47}}},"21":{"name":"f5","line":127,"loc":{"start":{"line":127,"column":23},"end":{"line":127,"column":50}}},"22":{"name":"f6","line":129,"loc":{"start":{"line":129,"column":23},"end":{"line":129,"column":53}}},"23":{"name":"f7","line":131,"loc":{"start":{"line":131,"column":23},"end":{"line":131,"column":56}}},"24":{"name":"f8","line":133,"loc":{"start":{"line":133,"column":23},"end":{"line":133,"column":59}}},"25":{"name":"f9","line":135,"loc":{"start":{"line":135,"column":23},"end":{"line":135,"column":63}}},"26":{"name":"makeModFunc","line":140,"loc":{"start":{"line":140,"column":0},"end":{"line":140,"column":29}}},"27":{"name":"(anonymous_27)","line":141,"loc":{"start":{"line":141,"column":11},"end":{"line":141,"column":46}}}},"statementMap":{"1":{"start":{"line":1,"column":0},"end":{"line":1,"column":33}},"2":{"start":{"line":2,"column":0},"end":{"line":2,"column":26}},"3":{"start":{"line":3,"column":0},"end":{"line":3,"column":33}},"4":{"start":{"line":4,"column":0},"end":{"line":4,"column":41}},"5":{"start":{"line":5,"column":0},"end":{"line":5,"column":41}},"6":{"start":{"line":6,"column":0},"end":{"line":6,"column":39}},"7":{"start":{"line":7,"column":0},"end":{"line":7,"column":47}},"8":{"start":{"line":8,"column":0},"end":{"line":8,"column":31}},"9":{"start":{"line":9,"column":0},"end":{"line":9,"column":38}},"10":{"start":{"line":11,"column":0},"end":{"line":31,"column":1}},"11":{"start":{"line":13,"column":4},"end":{"line":13,"column":22}},"12":{"start":{"line":15,"column":4},"end":{"line":27,"column":6}},"13":{"start":{"line":17,"column":8},"end":{"line":17,"column":107}},"14":{"start":{"line":19,"column":8},"end":{"line":19,"column":84}},"15":{"start":{"line":20,"column":8},"end":{"line":20,"column":59}},"16":{"start":{"line":22,"column":8},"end":{"line":22,"column":36}},"17":{"start":{"line":23,"column":8},"end":{"line":24,"column":20}},"18":{"start":{"line":24,"column":12},"end":{"line":24,"column":20}},"19":{"start":{"line":25,"column":8},"end":{"line":25,"column":50}},"20":{"start":{"line":26,"column":8},"end":{"line":26,"column":22}},"21":{"start":{"line":29,"column":4},"end":{"line":29,"column":37}},"22":{"start":{"line":30,"column":4},"end":{"line":30,"column":18}},"23":{"start":{"line":33,"column":0},"end":{"line":71,"column":1}},"24":{"start":{"line":35,"column":4},"end":{"line":70,"column":6}},"25":{"start":{"line":37,"column":8},"end":{"line":37,"column":58}},"26":{"start":{"line":38,"column":8},"end":{"line":39,"column":46}},"27":{"start":{"line":39,"column":12},"end":{"line":39,"column":46}},"28":{"start":{"line":41,"column":8},"end":{"line":53,"column":10}},"29":{"start":{"line":43,"column":12},"end":{"line":46,"column":13}},"30":{"start":{"line":44,"column":16},"end":{"line":45,"column":89}},"31":{"start":{"line":48,"column":12},"end":{"line":49,"column":72}},"32":{"start":{"line":49,"column":16},"end":{"line":49,"column":72}},"33":{"start":{"line":50,"column":12},"end":{"line":51,"column":74}},"34":{"start":{"line":51,"column":16},"end":{"line":51,"column":74}},"35":{"start":{"line":52,"column":12},"end":{"line":52,"column":26}},"36":{"start":{"line":55,"column":8},"end":{"line":55,"column":32}},"37":{"start":{"line":57,"column":8},"end":{"line":57,"column":69}},"38":{"start":{"line":58,"column":8},"end":{"line":58,"column":108}},"39":{"start":{"line":60,"column":8},"end":{"line":67,"column":10}},"40":{"start":{"line":61,"column":12},"end":{"line":61,"column":62}},"41":{"start":{"line":62,"column":12},"end":{"line":63,"column":39}},"42":{"start":{"line":63,"column":16},"end":{"line":63,"column":39}},"43":{"start":{"line":64,"column":12},"end":{"line":64,"column":39}},"44":{"start":{"line":65,"column":12},"end":{"line":65,"column":31}},"45":{"start":{"line":66,"column":12},"end":{"line":66,"column":34}},"46":{"start":{"line":69,"column":8},"end":{"line":69,"column":24}},"47":{"start":{"line":73,"column":0},"end":{"line":112,"column":1}},"48":{"start":{"line":75,"column":4},"end":{"line":111,"column":6}},"49":{"start":{"line":77,"column":8},"end":{"line":77,"column":54}},"50":{"start":{"line":78,"column":8},"end":{"line":79,"column":42}},"51":{"start":{"line":79,"column":12},"end":{"line":79,"column":42}},"52":{"start":{"line":81,"column":8},"end":{"line":82,"column":50}},"53":{"start":{"line":82,"column":12},"end":{"line":82,"column":50}},"54":{"start":{"line":84,"column":8},"end":{"line":84,"column":112}},"55":{"start":{"line":84,"column":83},"end":{"line":84,"column":108}},"56":{"start":{"line":85,"column":8},"end":{"line":88,"column":9}},"57":{"start":{"line":86,"column":12},"end":{"line":86,"column":35}},"58":{"start":{"line":87,"column":12},"end":{"line":87,"column":43}},"59":{"start":{"line":89,"column":8},"end":{"line":92,"column":9}},"60":{"start":{"line":90,"column":12},"end":{"line":90,"column":45}},"61":{"start":{"line":91,"column":12},"end":{"line":91,"column":43}},"62":{"start":{"line":94,"column":8},"end":{"line":103,"column":9}},"63":{"start":{"line":95,"column":12},"end":{"line":99,"column":14}},"64":{"start":{"line":96,"column":16},"end":{"line":97,"column":124}},"65":{"start":{"line":97,"column":20},"end":{"line":97,"column":124}},"66":{"start":{"line":97,"column":59},"end":{"line":97,"column":82}},"67":{"start":{"line":97,"column":103},"end":{"line":97,"column":120}},"68":{"start":{"line":98,"column":16},"end":{"line":98,"column":91}},"69":{"start":{"line":98,"column":46},"end":{"line":98,"column":87}},"70":{"start":{"line":102,"column":12},"end":{"line":102,"column":87}},"71":{"start":{"line":102,"column":42},"end":{"line":102,"column":83}},"72":{"start":{"line":105,"column":8},"end":{"line":110,"column":9}},"73":{"start":{"line":106,"column":33},"end":{"line":106,"column":57}},"74":{"start":{"line":107,"column":31},"end":{"line":107,"column":44}},"75":{"start":{"line":108,"column":32},"end":{"line":108,"column":63}},"76":{"start":{"line":109,"column":30},"end":{"line":109,"column":37}},"77":{"start":{"line":114,"column":0},"end":{"line":139,"column":1}},"78":{"start":{"line":116,"column":4},"end":{"line":138,"column":5}},"79":{"start":{"line":117,"column":16},"end":{"line":118,"column":61}},"80":{"start":{"line":117,"column":39},"end":{"line":117,"column":85}},"81":{"start":{"line":117,"column":86},"end":{"line":118,"column":32}},"82":{"start":{"line":118,"column":12},"end":{"line":118,"column":32}},"83":{"start":{"line":118,"column":33},"end":{"line":118,"column":58}},"84":{"start":{"line":119,"column":16},"end":{"line":120,"column":61}},"85":{"start":{"line":119,"column":40},"end":{"line":119,"column":86}},"86":{"start":{"line":119,"column":87},"end":{"line":120,"column":32}},"87":{"start":{"line":120,"column":12},"end":{"line":120,"column":32}},"88":{"start":{"line":120,"column":33},"end":{"line":120,"column":58}},"89":{"start":{"line":121,"column":16},"end":{"line":122,"column":61}},"90":{"start":{"line":121,"column":43},"end":{"line":121,"column":89}},"91":{"start":{"line":121,"column":90},"end":{"line":122,"column":32}},"92":{"start":{"line":122,"column":12},"end":{"line":122,"column":32}},"93":{"start":{"line":122,"column":33},"end":{"line":122,"column":58}},"94":{"start":{"line":123,"column":16},"end":{"line":124,"column":61}},"95":{"start":{"line":123,"column":46},"end":{"line":123,"column":92}},"96":{"start":{"line":123,"column":93},"end":{"line":124,"column":32}},"97":{"start":{"line":124,"column":12},"end":{"line":124,"column":32}},"98":{"start":{"line":124,"column":33},"end":{"line":124,"column":58}},"99":{"start":{"line":125,"column":16},"end":{"line":126,"column":61}},"100":{"start":{"line":125,"column":49},"end":{"line":125,"column":95}},"101":{"start":{"line":125,"column":96},"end":{"line":126,"column":32}},"102":{"start":{"line":126,"column":12},"end":{"line":126,"column":32}},"103":{"start":{"line":126,"column":33},"end":{"line":126,"column":58}},"104":{"start":{"line":127,"column":16},"end":{"line":128,"column":61}},"105":{"start":{"line":127,"column":52},"end":{"line":127,"column":98}},"106":{"start":{"line":127,"column":99},"end":{"line":128,"column":32}},"107":{"start":{"line":128,"column":12},"end":{"line":128,"column":32}},"108":{"start":{"line":128,"column":33},"end":{"line":128,"column":58}},"109":{"start":{"line":129,"column":16},"end":{"line":130,"column":61}},"110":{"start":{"line":129,"column":55},"end":{"line":129,"column":101}},"111":{"start":{"line":129,"column":102},"end":{"line":130,"column":32}},"112":{"start":{"line":130,"column":12},"end":{"line":130,"column":32}},"113":{"start":{"line":130,"column":33},"end":{"line":130,"column":58}},"114":{"start":{"line":131,"column":16},"end":{"line":132,"column":61}},"115":{"start":{"line":131,"column":58},"end":{"line":131,"column":104}},"116":{"start":{"line":131,"column":105},"end":{"line":132,"column":32}},"117":{"start":{"line":132,"column":12},"end":{"line":132,"column":32}},"118":{"start":{"line":132,"column":33},"end":{"line":132,"column":58}},"119":{"start":{"line":133,"column":16},"end":{"line":134,"column":61}},"120":{"start":{"line":133,"column":61},"end":{"line":133,"column":107}},"121":{"start":{"line":133,"column":108},"end":{"line":134,"column":32}},"122":{"start":{"line":134,"column":12},"end":{"line":134,"column":32}},"123":{"start":{"line":134,"column":33},"end":{"line":134,"column":58}},"124":{"start":{"line":135,"column":16},"end":{"line":136,"column":61}},"125":{"start":{"line":135,"column":65},"end":{"line":135,"column":111}},"126":{"start":{"line":135,"column":112},"end":{"line":136,"column":32}},"127":{"start":{"line":136,"column":12},"end":{"line":136,"column":32}},"128":{"start":{"line":136,"column":33},"end":{"line":136,"column":58}},"129":{"start":{"line":137,"column":17},"end":{"line":137,"column":27}},"130":{"start":{"line":140,"column":0},"end":{"line":223,"column":1}},"131":{"start":{"line":141,"column":4},"end":{"line":222,"column":6}},"132":{"start":{"line":142,"column":8},"end":{"line":219,"column":9}},"133":{"start":{"line":145,"column":12},"end":{"line":145,"column":27}},"134":{"start":{"line":146,"column":12},"end":{"line":217,"column":13}},"135":{"start":{"line":148,"column":20},"end":{"line":148,"column":35}},"136":{"start":{"line":149,"column":20},"end":{"line":149,"column":31}},"137":{"start":{"line":150,"column":20},"end":{"line":150,"column":31}},"138":{"start":{"line":151,"column":20},"end":{"line":151,"column":26}},"139":{"start":{"line":153,"column":20},"end":{"line":153,"column":33}},"140":{"start":{"line":154,"column":20},"end":{"line":154,"column":31}},"141":{"start":{"line":155,"column":20},"end":{"line":155,"column":31}},"142":{"start":{"line":156,"column":20},"end":{"line":156,"column":26}},"143":{"start":{"line":158,"column":20},"end":{"line":158,"column":34}},"144":{"start":{"line":159,"column":20},"end":{"line":159,"column":31}},"145":{"start":{"line":160,"column":20},"end":{"line":160,"column":31}},"146":{"start":{"line":161,"column":20},"end":{"line":161,"column":26}},"147":{"start":{"line":163,"column":20},"end":{"line":163,"column":35}},"148":{"start":{"line":164,"column":20},"end":{"line":164,"column":30}},"149":{"start":{"line":165,"column":20},"end":{"line":165,"column":31}},"150":{"start":{"line":166,"column":20},"end":{"line":166,"column":26}},"151":{"start":{"line":168,"column":20},"end":{"line":168,"column":33}},"152":{"start":{"line":169,"column":20},"end":{"line":169,"column":30}},"153":{"start":{"line":170,"column":20},"end":{"line":170,"column":31}},"154":{"start":{"line":171,"column":20},"end":{"line":171,"column":26}},"155":{"start":{"line":173,"column":20},"end":{"line":173,"column":34}},"156":{"start":{"line":174,"column":20},"end":{"line":174,"column":30}},"157":{"start":{"line":175,"column":20},"end":{"line":175,"column":31}},"158":{"start":{"line":176,"column":20},"end":{"line":176,"column":26}},"159":{"start":{"line":178,"column":20},"end":{"line":178,"column":32}},"160":{"start":{"line":179,"column":20},"end":{"line":179,"column":30}},"161":{"start":{"line":180,"column":20},"end":{"line":180,"column":31}},"162":{"start":{"line":181,"column":20},"end":{"line":181,"column":26}},"163":{"start":{"line":183,"column":20},"end":{"line":183,"column":35}},"164":{"start":{"line":184,"column":20},"end":{"line":184,"column":31}},"165":{"start":{"line":185,"column":20},"end":{"line":185,"column":30}},"166":{"start":{"line":186,"column":20},"end":{"line":186,"column":26}},"167":{"start":{"line":188,"column":20},"end":{"line":188,"column":33}},"168":{"start":{"line":189,"column":20},"end":{"line":189,"column":31}},"169":{"start":{"line":190,"column":20},"end":{"line":190,"column":30}},"170":{"start":{"line":191,"column":20},"end":{"line":191,"column":26}},"171":{"start":{"line":193,"column":20},"end":{"line":193,"column":34}},"172":{"start":{"line":194,"column":20},"end":{"line":194,"column":31}},"173":{"start":{"line":195,"column":20},"end":{"line":195,"column":30}},"174":{"start":{"line":196,"column":20},"end":{"line":196,"column":26}},"175":{"start":{"line":198,"column":20},"end":{"line":198,"column":35}},"176":{"start":{"line":199,"column":20},"end":{"line":199,"column":30}},"177":{"start":{"line":200,"column":20},"end":{"line":200,"column":30}},"178":{"start":{"line":201,"column":20},"end":{"line":201,"column":26}},"179":{"start":{"line":203,"column":20},"end":{"line":203,"column":33}},"180":{"start":{"line":204,"column":20},"end":{"line":204,"column":30}},"181":{"start":{"line":205,"column":20},"end":{"line":205,"column":30}},"182":{"start":{"line":206,"column":20},"end":{"line":206,"column":26}},"183":{"start":{"line":208,"column":20},"end":{"line":208,"column":34}},"184":{"start":{"line":209,"column":20},"end":{"line":209,"column":30}},"185":{"start":{"line":210,"column":20},"end":{"line":210,"column":30}},"186":{"start":{"line":211,"column":20},"end":{"line":211,"column":26}},"187":{"start":{"line":213,"column":20},"end":{"line":213,"column":32}},"188":{"start":{"line":214,"column":20},"end":{"line":214,"column":30}},"189":{"start":{"line":215,"column":20},"end":{"line":215,"column":30}},"190":{"start":{"line":216,"column":20},"end":{"line":216,"column":26}},"191":{"start":{"line":218,"column":12},"end":{"line":218,"column":111}},"192":{"start":{"line":220,"column":8},"end":{"line":220,"column":68}},"193":{"start":{"line":221,"column":8},"end":{"line":221,"column":40}},"194":{"start":{"line":224,"column":0},"end":{"line":224,"column":31}}},"branchMap":{"1":{"line":17,"type":"cond-expr","locations":[{"start":{"line":17,"column":48},"end":{"line":17,"column":84}},{"start":{"line":17,"column":87},"end":{"line":17,"column":106}}]},"2":{"line":19,"type":"cond-expr","locations":[{"start":{"line":19,"column":43},"end":{"line":19,"column":60}},{"start":{"line":19,"column":63},"end":{"line":19,"column":83}}]},"3":{"line":23,"type":"if","locations":[{"start":{"line":23,"column":8},"end":{"line":23,"column":8}},{"start":{"line":23,"column":8},"end":{"line":23,"column":8}}]},"4":{"line":43,"type":"if","locations":[{"start":{"line":43,"column":12},"end":{"line":43,"column":12}},{"start":{"line":43,"column":12},"end":{"line":43,"column":12}}]},"5":{"line":48,"type":"if","locations":[{"start":{"line":48,"column":12},"end":{"line":48,"column":12}},{"start":{"line":48,"column":12},"end":{"line":48,"column":12}}]},"6":{"line":50,"type":"if","locations":[{"start":{"line":50,"column":12},"end":{"line":50,"column":12}},{"start":{"line":50,"column":12},"end":{"line":50,"column":12}}]},"7":{"line":81,"type":"if","locations":[{"start":{"line":81,"column":8},"end":{"line":81,"column":8}},{"start":{"line":81,"column":8},"end":{"line":81,"column":8}}]},"8":{"line":85,"type":"if","locations":[{"start":{"line":85,"column":8},"end":{"line":85,"column":8}},{"start":{"line":85,"column":8},"end":{"line":85,"column":8}}]},"9":{"line":89,"type":"if","locations":[{"start":{"line":89,"column":8},"end":{"line":89,"column":8}},{"start":{"line":89,"column":8},"end":{"line":89,"column":8}}]},"10":{"line":89,"type":"binary-expr","locations":[{"start":{"line":89,"column":12},"end":{"line":89,"column":34}},{"start":{"line":89,"column":38},"end":{"line":89,"column":56}},{"start":{"line":89,"column":60},"end":{"line":89,"column":109}}]},"11":{"line":94,"type":"if","locations":[{"start":{"line":94,"column":8},"end":{"line":94,"column":8}},{"start":{"line":94,"column":8},"end":{"line":94,"column":8}}]},"12":{"line":96,"type":"if","locations":[{"start":{"line":96,"column":16},"end":{"line":96,"column":16}},{"start":{"line":96,"column":16},"end":{"line":96,"column":16}}]},"13":{"line":105,"type":"switch","locations":[{"start":{"line":106,"column":12},"end":{"line":106,"column":57}},{"start":{"line":107,"column":12},"end":{"line":107,"column":44}},{"start":{"line":108,"column":12},"end":{"line":108,"column":63}},{"start":{"line":109,"column":12},"end":{"line":109,"column":37}}]},"14":{"line":116,"type":"switch","locations":[{"start":{"line":117,"column":8},"end":{"line":118,"column":61}},{"start":{"line":119,"column":8},"end":{"line":120,"column":61}},{"start":{"line":121,"column":8},"end":{"line":122,"column":61}},{"start":{"line":123,"column":8},"end":{"line":124,"column":61}},{"start":{"line":125,"column":8},"end":{"line":126,"column":61}},{"start":{"line":127,"column":8},"end":{"line":128,"column":61}},{"start":{"line":129,"column":8},"end":{"line":130,"column":61}},{"start":{"line":131,"column":8},"end":{"line":132,"column":61}},{"start":{"line":133,"column":8},"end":{"line":134,"column":61}},{"start":{"line":135,"column":8},"end":{"line":136,"column":61}},{"start":{"line":137,"column":8},"end":{"line":137,"column":27}}]},"15":{"line":142,"type":"if","locations":[{"start":{"line":142,"column":8},"end":{"line":142,"column":8}},{"start":{"line":142,"column":8},"end":{"line":142,"column":8}}]},"16":{"line":146,"type":"switch","locations":[{"start":{"line":147,"column":16},"end":{"line":151,"column":26}},{"start":{"line":152,"column":16},"end":{"line":156,"column":26}},{"start":{"line":157,"column":16},"end":{"line":161,"column":26}},{"start":{"line":162,"column":16},"end":{"line":166,"column":26}},{"start":{"line":167,"column":16},"end":{"line":171,"column":26}},{"start":{"line":172,"column":16},"end":{"line":176,"column":26}},{"start":{"line":
[...]
},"end":{"line":109,"column":12}}]},"22":{"line":111,"type":"if","locations":[{"start":{"line":111,"column":16},"end":{"line":111,"column":16}},{"start":{"line":111,"column":16},"end":{"line":111,"column":16}}]}},"code":["var Promise = require('bluebird');","var fs = require('fs');","var path = require('path');","var Buffer = require('buffer').Buffer;","var _ = require('lodash');","","","/**","  * Finds the largest file in the given directory, optionally performing a recursive search.","  * @param {string} dir - the directory to search.","  * @param {object?} options - optional settings: { recurse?: boolean; preview?: boolean }.","  * @returns {object?} null if no files found, otherwise an object of the form","  *                    { path: string; size: number; preview?: string, searched: number; }","  */","var largest = function (dir, options, internal, callback) {","","    // Parse arguments.","    options = options || largest.options;","    if (arguments.length == 3) callback = internal, internal = null;","","    // Enumerate all files and subfolders in 'dir' to get their stats.","    function getAllPathsAndStats(callback) {","        fs.readdir(dir, function (err, files) {","            if (err) { callback(err); return; }","            var paths = _.map(files, function (file) { return path.join(dir, file); });","            var stats = [];","            var remaining = paths.length;","            if (remaining === 0) {","","                // Directory is empty.","                callback(null, { paths: paths, stats: stats });","            } else {","","                // Get all file stats in parallel.","                paths.forEach(function (path, i) {","                    fs.stat(path, function (err, stat) {","                        if (remaining === 0) return;","                        if (err) {","                            remaining = 0;","                            callback(err);","                        } else {","                            stats[i] = stat;","                            --remaining;","                            if (remaining === 0) callback(null, { paths: paths, stats: stats });","                        }","                    });","                });","            }","        });","    }","","    // Build up a list of possible candidates, recursing into subfolders if requested.","    function listCandidates(paths, stats, callback) {","        var candidates = [];","        var remaining = paths.length;","        for (var i = 0; i < paths.length; ++i) {","            if (stats[i].isFile()) {","                candidates.push({ path: paths[i], size: stats[i].size, searched: 1 });","                --remaining;","            } else if (!options.recurse) {","                --remaining;","            } else {","                largest(paths[i], options, true, function (err, cand) { // recurse","                    if (err) { callback(err); return; }","                    if (cand) candidates.push(cand);","                    --remaining;","                    if (!remaining) callback(null, candidates);","                });","            }","        }","        if (!remaining) callback(null, candidates); // catch fully synchronous cases","    }","","    // Choose the best candidate.","    function selectBestCandidate(candidates, callback) {","        var result = _(candidates)","            .reduce(function (best, cand) {","                if (cand.size > best.size) var temp = cand, cand = best, best = temp;","                best.searched += cand.searched;","                return best;","            });","        callback(null, result);","    }","","    // Add a preview if requested (but skip if this is an internal step in a recursive search).","    function addPreviewIfAppropriate(result, callback) {","        if (result && options.preview && !internal) {","            fs.open(result.path, 'r', function (err, fd) {","                if (err) { callback(err); return; }","                var buffer = new Buffer(40);","                fs.read(fd, buffer, 0, 40, 0, function (err, bytesRead, buffer) {","                    if (err) { callback(err); return; }","                    result.preview = buffer.toString('utf-8', 0, bytesRead);","                    fs.close(fd, function (err) {","                        if (err) callback(err);","                        else callback(null, result);","                    });","                });","            });","        } else {","            callback(null, result); // Return without adding preview.","        }","    }","","    // Put it all together.","    getAllPathsAndStats(function (err, ps) {","        if (err) { callback(err); return; }","        listCandidates(ps.paths, ps.stats, function (err, candidates) {","            if (err) { callback(err); return; }","            selectBestCandidate(candidates, function (err, result) {","                if (err) { callback(err); return; }","                addPreviewIfAppropriate(result, callback);","            });","        });","    });","};","","","module.exports = largest;",""],"l":{"1":1,"2":1,"3":1,"4":1,"5":1,"15":1,"18":0,"19":0,"22":1,"23":0,"24":0,"25":0,"26":0,"27":0,"28":0,"31":0,"35":0,"36":0,"37":0,"38":0,"39":0,"40":0,"42":0,"43":0,"44":0,"53":1,"54":0,"55":0,"56":0,"57":0,"58":0,"59":0,"60":0,"61":0,"63":0,"64":0,"65":0,"66":0,"67":0,"71":0,"75":1,"76":0,"78":0,"79":0,"80":0,"82":0,"86":1,"87":0,"88":0,"89":0,"90":0,"91":0,"92":0,"93":0,"94":0,"95":0,"96":0,"101":0,"106":0,"107":0,"108":0,"109":0,"110":0,"111":0,"112":0,"119":1}},"/home/travis/build/npmtest/node-npmtest-asyncawait/node_modules/asyncawait/comparison/largest/largest-co.js":{"path":"/home/travis/build/npmtest/node-npmtest-asyncawait/node_modules/asyncawait/comparison/largest/largest-co.js","s":{"1":2,"2":2,"3":2,"4":2,"5":2,"6":2,"7":0,"8":0,"9":0,"10":0,"11":0,"12":0,"13":0,"14":0,"15":0,"16":0,"17":0,"18":0,"19":0,"20":0,"21":0,"22":0,"23":0,"24":0,"25":0,"26":0,"27":0,"28":0,"29":0,"30":0,"31":0},"b":{"1":[0,0],"2":[0,0],"3":[0,0],"4":[0,0],"5":[0,0],"6":[0,0,0]},"f":{"1":0,"2":0,"3":0,"4":0,"5":0},"fnMap":{"1":{"name":"(anonymous_1)","line":19,"loc":{"start":{"line":19,"column":17},"end":{"line":19,"column":52}}},"2":{"name":"(anonymous_2)","line":26,"loc":{"start":{"line":26,"column":29},"end":{"line":26,"column":45}}},"3":{"name":"(anonymous_3)","line":27,"loc":{"start":{"line":27,"column":35},"end":{"line":27,"column":51}}},"4":{"name":"(anonymous_4)","line":30,"loc":{"start":{"line":30,"column":40},"end":{"line":30,"column":59}}},"5":{"name":"(anonymous_5)","line":38,"loc":{"start":{"line":38,"column":16},"end":{"line":38,"column":38}}}},"statementMap":{"1":{"start":{"line":4,"column":0},"end":{"line":4,"column":34}},"2":{"start":{"line":5,"column":0},"end":{"line":5,"column":45}},"3":{"start":{"line":6,"column":0},"end":{"line":6,"column":27}},"4":{"start":{"line":7,"column":0},"end":{"line":7,"column":38}},"5":{"start":{"line":8,"column":0},"end":{"line":8,"column":26}},"6":{"start":{"line":9,"column":0},"end":{"line":9,"column":23}},"7":{"start":{"line":19,"column":0},"end":{"line":53,"column":3}},"8":{"start":{"line":22,"column":4},"end":{"line":22,"column":41}},"9":{"start":{"line":25,"column":4},"end":{"line":25,"column":43}},"10":{"start":{"line":26,"column":4},"end":{"line":26,"column":79}},"11":{"start":{"line":26,"column":47},"end":{"line":26,"column":75}},"12":{"start":{"line":27,"column":4},"end":{"line":27,"column":83}},"13":{"start":{"line":27,"column":53},"end":{"line":27,"column":79}},"14":{"start":{"line":30,"column":4},"end":{"line":33,"column":7}},"15":{"start":{"line":31,"column":8},"end":{"line":31,"column":83}},"16":{"start":{"line":31,"column":27},"end":{"line":31,"column":83}},"17":{"start":{"line":32,"column":8},"end":{"line":32,"column":73}},"18":{"start":{"line":36,"column":4},"end":{"line":42,"column":11}},"19":{"start":{"line":39,"column":12},"end":{"line":39,"column":81}},"20":{"start":{"line":39,"column":39},"end":{"line":39,"column":81}},"21":{"start":{"line":40,"column":12},"end":{"line":40,"column":43}},"22":{"start":{"line":41,"column":12},"end":{"line":41,"column":24}},"23":{"start":{"line":45,"column":4},"end":{"line":51,"column":5}},"24":{"start":{"line":46,"column":8},"end":{"line":46,"column":54}},"25":{"start":{"line":47,"column":8},"end":{"line":47,"column":36}},"26":{"start":{"line":48,"column":8},"end":{"line":48,"column":70}},"27":{"start":{"line":49,"column":8},"end":{"line":49,"column":64}},"28":{"start":{"line":50,"column":8},"end":{"line":50,"column":32}},"29":{"start":{"line":52,"column":4},"end":{"line":52,"column":18}},"30":{"start":{"line":54,"column":0},"end":{"line":54,"column":21}},"31":{"start":{"line":57,"column":0},"end":{"line":57,"column":25}}},"branchMap":{"1":{"line":22,"type":"binary-expr","locations":[{"start":{"line":22,"column":14},"end":{"line":22,"column":21}},{"start":{"line":22,"column":25},"end":{"line":22,"column":40}}]},"2":{"line":31,"type":"if","locations":[{"start":{"line":31,"column":8},"end":{"line":31,"column":8}},{"start":{"line":31,"column":8},"end":{"line":31,"column":8}}]},"3":{"line":32,"type":"cond-expr","locations":[{"start":{"line":32,"column":33},"end":{"line":32,"column":65}},{"start":{"line":32,"column":68},"end":{"line":32,"column":72}}]},"4":{"line":39,"type":"if","locations":[{"start":{"line":39,"column":12},"end":{"line":39,"column":12}},{"start":{"line":39,"column":12},"end":{"line":39,"column":12}}]},"5":{"line":45,"type":"if","locations":[{"start":{"line":45,"column":4},"end":{"line":45,"column":4}},{"start":{"line":45,"column":4},"end":{"line":45,"column":4}}]},"6":{"line":45,"type":"binary-expr","locations":[{"start":{"line":45,"column":8},"end":{"line":45,"column":14}},{"start":{"line":45,"column":18},"end":{"line":45,"column":33}},{"start":{"line":45,"column":37},"end":{"line":45,"column":46}}]}},"code":["// TODO: BUG: this co implementation does not recurse properly - cause yet to be determined","","","var Promise = require('bluebird');","var fs = Promise.promisifyAll(require('fs'));","var path = require('path');","var Buffer = require('buffer').Buffer;","var _ = require('lodash');","var co = require('co');","","","/**","  * Finds the largest file in the given directory, optionally performing a recursive search.","  * @param {string} dir - the directory to search.","  * @param {object?} options - optional settings: { recurse?: boolean; preview?: boolean }.","  * @returns {object?} null if no files found, otherwise an object of the form","  *                    { path: string; size: number; preview?: string, searched: number; }","  */","var largest = co(function* (dir, options, internal) {","","    // Parse arguments.","    options = options || largest.options;","","    // Enumerate all files and subfolders in 'dir' to get their stats.","    var files = yield fs.readdirAsync(dir);","    var paths = _.map(files, function (file) { return path.join(dir, file); });","    var stats = yield _.map(paths, function (path) { return fs.statAsync(path); });","","    // Build up a list of possible candidates, recursing into subfolders.","    var candidates = yield _.map(stats, function (stat, i) {","        if (stat.isFile()) return { path: paths[i], size: stat.size, searched: 1 };","        return options.recurse ? largest(paths[i], options, true) : null;","    });","","    // Choose the best candidate.","    var result = _(candidates)","        .compact()","        .reduce(function (best, cand) {","            if (cand.size > best.size) var temp = cand, cand = best, best = temp;","            best.searched += cand.searched;","            return best;","        });","","    // Add a preview if requested (but skip if this is an internal step in a recursive search).","    if (result && options.preview && !internal) {","        var fd = yield fs.openAsync(result.path, 'r');","        var buffer = new Buffer(40);","        var bytesRead = (yield fs.readAsync(fd, buffer, 0, 40, 0))[0];","        result.preview = buffer.toString('utf-8', 0, bytesRead);","        yield fs.closeAsync(fd);","    }","    return result;","});","largest.options = {};","","","module.exports = largest;",""],"l":{"4":2,"5":2,"6":2,"7":2,"8":2,"9":2,"19":0,"22":0,"25":0,"26":0,"27":0,"30":0,"31":0,"32":0,"36":0,"39":0,"40":0,"41":0,"45":0,"46":0,"47":0,"48":0,"49":0,"50":0,"52":0,"54":0,"57":0}},"/home/travis/build/npmtest/node-npmtest-asyncawait/node_modules/asyncawait/comparison/largest/largest-synchronous.js":{"path":"/home/travis/build/npmtest/node-npmtest-asyncawait/node_modules/asyncawait/comparison/largest/largest-synchronous.js","s":{"1":1,"2":1,"3":1,"4":1,"5":1,"6":1,"7":0,"8":0,"9":0,"10":0,"11":0,"12":0,"13":0,"14":0,"15":0,"16":0,"17":0,"18":0,"19":0,"20":0,"21":0,"22":0,"23":0,"24":0,"25":0,"26":0,"27":0,"28":0,"29":1,"30":1,"31":0,"32":0,"33":0,"34":0,"35":0,"36":1},"b":{"1":[0,0],"2":[0,0],"3":[0,0],"4":[0,0],"5":[0,0],"6":[0,0,0],"7":[0,0]},"f":{"1":0,"2":0,"3":0,"4":0,"5":0,"6":0},"fnMap":{"1":{"name":"(anonymous_1)","line":15,"loc":{"start":{"line":15,"column":14},"end":{"line":15,"column":48}}},"2":{"name":"(anonymous_2)","line":22,"loc":{"start":{"line":22,"column":29},"end":{"line":22,"column":45}}},"3":{"name":"(anonymous_3)","line":23,"loc":{"start":{"line":23,"column":29},"end":{"line":23,"column":45}}},"4":{"name":"(anonymous_4)","line":26,"loc":{"start":{"line":26,"column":34},"end":{"line":26,"column":53}}},"5":{"name":"(anonymous_5)","line":34,"loc":{"start":{"line":34,"column":16},"end":{"line":34,"column":38}}},"6":{"name":"nodeified","line":53,"loc":{"start":{"line":53,"column":0},"end":{"line":53,"column":43}}}},"statementMap":{"1":{"start":{"line":1,"column":0},"end":{"line":1,"column":34}},"2":{"start":{"line":2,"column":0},"end":{"line":2,"column":23}},"3":{"start":{"line":3,"column":0},"end":{"line":3,"column":27}},"4":{"start":{"line":4,"column":0},"end":{"line":4,"column":38}},"5":{"start":{"line":5,"column":0},"end":{"line":5,"column":26}},"6":{"start":{"line":15,"column":0},"end":{"line":49,"column":2}},"7":{"start":{"line":18,"column":4},"end":{"line":18,"column":41}},"8":{"start":{"line":21,"column":4},"end":{"line":21,"column":36}},"9":{"start":{"line":22,"column":4},"end":{"line":22,"column":79}},"10":{"start":{"line":22,"column":47},"end":{"line":22,"column":75}},"11":{"start":{"line":23,"column":4},"end":{"line":23,"column":76}},"12":{"start":{"line":23,"column":47},"end":{"line":23,"column":72}},"13":{"start":{"line":26,"column":4},"end":{"line":29,"column":7}},"14":{"start":{"line":27,"column":8},"end":{"line":27,"column":83}},"15":{"start":{"line":27,"column":27},"end":{"line":27,"column":83}},"16":{"start":{"line":28,"column":8},"end":{"line":28,"column":73}},"17":{"start":{"line":32,"column":4},"end":{"line":38,"column":11}},"18":{"start":{"line":35,"column":12},"end":{"line":35,"column":81}},"19":{"start":{"line":35,"column":39},"end":{"line":35,"column":81}},"20":{"start":{"line":36,"column":12},"end":{"line":36,"column":43}},"21":{"start":{"line":37,"column":12},"end":{"line":37,"column":24}},"22":{"start":{"line":41,"column":4},"end":{"line":47,"column":5}},"23":{"start":{"line":42,"column":8},"end":{"line":42,"column":47}},"24":{"start":{"line":43,"column":8},"end":{"line":43,"column":36}},"25":{"start":{"line":44,"column":8},"end":{"line":44,"column":58}},"26":{"start":{"line":45,"column":8},"end":{"line":45,"column":64}},"27":{"start":{"line":46,"column":8},"end":{"line":46,"column":25}},"28":{"start":{"line":48,"column":4},"end":{"line":48,"column":18}},"29":{"start":{"line":50,"column":0},"end":{"line":50,"column":21}},"30":{"start":{"line":53,"column":0},"end":{"line":61,"column":1}},"31":{"start":{"line":54,"column":4},"end":{"line":54,"column":66}},"32":{"start":{"line":54,"column":31},"end":{"line":54,"column":66}},"33":{"start":{"line":55,"column":4},"end":{"line":60,"column":5}},"34":{"start":{"line":56,"column":8},"end":{"line":56,"column":46}},"35":{"start":{"line":59,"column":8},"end":{"line":59,"column":22}},"36":{"start":{"line":62,"column":0},"end":{"line":62,"column":27}}},"branchMap":{"1":{"line":18,"type":"binary-expr","locations":[{"start":{"line":18,"column":14},"end":{"line":18,"column":21}},{"start":{"line":18,"column":25},"end":{"line":18,"column":40}}]},"2":{"line":27,"type":"if","locations":[{"start":{"line":27,"column":8},"end":{"line":27,"column":8}},{"start":{"line":27,"column":8},"end":{"line":27,"column":8}}]},"3":{"line":28,"type":"cond-expr","locations":[{"start":{"line":28,"column":33},"end":{"line":28,"column":65}},{"start":{"line":28,"column":68},"end":{"line":28,"column":72}}]},"4":{"line":35,"type":"if","locations":[{"start":{"line":35,"column":12},"end":{"line":35,"column":12}},{"start":{"line":35,"column":12},"end":{"line":35,"column":12}}]},"5":{"line":41,"type":"if","locations":[{"start":{"line":41,"column":4},"end":{"line":41,"column":4}},{"start":{"line":41,"column":4},"end":{"line":41,"column":4}}]},"6":{"line":41,"type":"binary-expr","locations":[{"start":{"line":41,"column":8},"end":{"line":41,"column":14}},{"start":{"line":41,"column":18},"end":{"line":41,"column":33}},{"start":{"line":41,"column":37},"end":{"line":41,"column":46}}]},"7":{"line":54,"type":"if","locations":[{"start":{"line":54,"column":4},"end":{"line":54,"column":4}},{"start":{"line":54,"column":4},"end":{"line":54,"column":4}}]}},"code":["var Promise = require('bluebird');","var fs = require('fs');","var path = require('path');","var Buffer = require('buffer').Buffer;","var _ = require('lodash');","","","/**","  * Finds the largest file in the given directory, optionally performing a recursive search.","  * @param {string} dir - the directory to search.","  * @param {object?} options - optional settings: { recurse?: boolean; preview?: boolean }.","  * @returns {object?} null if no files found, otherwise an object of the form","  *                    { path: string; size: number; preview?: string, searched: number; }","  */","var largest = function (dir, options, internal) {","","    // Parse arguments.","    options = options || largest.options;","","    // Enumerate all files and subfolders in 'dir' to get their stats.","    var files = fs.readdirSync(dir);","    var paths = _.map(files, function (file) { return path.join(dir, file); });","    var stats = _.map(paths, function (path) { return fs.statSync(path); });","","    // Build up a list of possible candidates, recursing into subfolders if requested.","    var candidates = _.map(stats, function (stat, i) {","        if (stat.isFile()) return { path: paths[i], size: stat.size, searched: 1 };","        return options.recurse ? largest(paths[i], options, true) : null;","    });","","    // Choose the best candidate.","    var result = _(candidates)","        .compact()","        .reduce(function (best, cand) {","            if (cand.size > best.size) var temp = cand, cand = best, best = temp;","            best.searched += cand.searched;","            return best;","        });","","    // Add a preview if requested (but skip if this is an internal step in a recursive search).","    if (result && options.preview && !internal) {","        var fd = fs.openSync(result.path, 'r');","        var buffer = new Buffer(40);","        var bytesRead = fs.readSync(fd, buffer, 0, 40, 0);","        result.preview = buffer.toString('utf-8', 0, bytesRead);","        fs.closeSync(fd);","    }","    return result;","};","largest.options = {};","","","function nodeified(dir, options, callback) {","    if (arguments.length == 2) callback = options, options = null;","    try {","        callback(null, largest(dir, options));","    }","    catch (err) {","        callback(err);","    }","}","module.exports = nodeified;",""],"l":{"1":1,"2":1,"3":1,"4":1,"5":1,"15":1,"18":0,"21":0,"22":0,"23":0,"26":0,"27":0,"28":0,"32":0,"35":0,"36":0,"37":0,"41":0,"42":0,"43":0,"44":0,"45":0,"46":0,"48":0,"50":1,"53":1,"54":0,"55":0,"56":0,"59":0,"62":1}}}